<?xml version="1.0" encoding="UTF-8"?>
<testsuite name="RecipesApplicationTest" tests="1" skipped="0" failures="0" errors="0" timestamp="2021-07-23T14:42:29" hostname="PCCZARKA" time="15.32">
  <properties/>
  <testcase name="start" classname="RecipesApplicationTest" time="15.32"/>
  <system-out><![CDATA[?[1;31m
Start test 1?[0m

  .   ____          _            __ _ _
 /\\ / ___'_ __ _ _(_)_ __  __ _ \ \ \ \
( ( )\___ | '_ | '_| | '_ \/ _` | \ \ \ \
 \\/  ___)| |_)| | | | | || (_| |  ) ) ) )
  '  |____| .__|_| |_|_| |_\__, | / / / /
 =========|_|==============|___/=/_/_/_/
 :: Spring Boot ::        (v2.3.1.RELEASE)

2021-07-23 16:42:30.052  INFO 17688 --- [    Test worker] recipes.RecipesApplication               : Starting RecipesApplication on PCCZARKA with PID 17688 (started by Windows in G:\Projekty\Recipes\Recipes\task)
2021-07-23 16:42:30.063  INFO 17688 --- [    Test worker] recipes.RecipesApplication               : No active profile set, falling back to default profiles: default
2021-07-23 16:42:31.184  INFO 17688 --- [    Test worker] .s.d.r.c.RepositoryConfigurationDelegate : Bootstrapping Spring Data JPA repositories in DEFERRED mode.
2021-07-23 16:42:31.253  INFO 17688 --- [    Test worker] .s.d.r.c.RepositoryConfigurationDelegate : Finished Spring Data repository scanning in 60ms. Found 2 JPA repository interfaces.
2021-07-23 16:42:31.906  INFO 17688 --- [    Test worker] o.s.b.w.embedded.tomcat.TomcatWebServer  : Tomcat initialized with port(s): 8080 (http)
2021-07-23 16:42:31.920  INFO 17688 --- [    Test worker] o.apache.catalina.core.StandardService   : Starting service [Tomcat]
2021-07-23 16:42:31.920  INFO 17688 --- [    Test worker] org.apache.catalina.core.StandardEngine  : Starting Servlet engine: [Apache Tomcat/9.0.36]
2021-07-23 16:42:32.055  INFO 17688 --- [    Test worker] o.a.c.c.C.[Tomcat].[localhost].[/]       : Initializing Spring embedded WebApplicationContext
2021-07-23 16:42:32.055  INFO 17688 --- [    Test worker] w.s.c.ServletWebServerApplicationContext : Root WebApplicationContext: initialization completed in 1937 ms
2021-07-23 16:42:32.201  INFO 17688 --- [    Test worker] com.zaxxer.hikari.HikariDataSource       : HikariPool-1 - Starting...
2021-07-23 16:42:32.395  INFO 17688 --- [    Test worker] com.zaxxer.hikari.HikariDataSource       : HikariPool-1 - Start completed.
2021-07-23 16:42:32.403  INFO 17688 --- [    Test worker] o.s.b.a.h2.H2ConsoleAutoConfiguration    : H2 console available at '/h2-console'. Database available at 'jdbc:h2:file:../recipes_db'
2021-07-23 16:42:32.582  INFO 17688 --- [    Test worker] o.s.s.concurrent.ThreadPoolTaskExecutor  : Initializing ExecutorService 'applicationTaskExecutor'
2021-07-23 16:42:32.637  INFO 17688 --- [         task-1] o.hibernate.jpa.internal.util.LogHelper  : HHH000204: Processing PersistenceUnitInfo [name: default]
2021-07-23 16:42:32.696  WARN 17688 --- [    Test worker] JpaBaseConfiguration$JpaWebConfiguration : spring.jpa.open-in-view is enabled by default. Therefore, database queries may be performed during view rendering. Explicitly configure spring.jpa.open-in-view to disable this warning
2021-07-23 16:42:32.736  INFO 17688 --- [         task-1] org.hibernate.Version                    : HHH000412: Hibernate ORM core version 5.4.17.Final
2021-07-23 16:42:32.922  INFO 17688 --- [         task-1] o.hibernate.annotations.common.Version   : HCANN000001: Hibernate Commons Annotations {5.1.0.Final}
2021-07-23 16:42:32.930  INFO 17688 --- [    Test worker] o.s.s.web.DefaultSecurityFilterChain     : Creating filter chain: any request, [org.springframework.security.web.context.request.async.WebAsyncManagerIntegrationFilter@2cc1326b, org.springframework.security.web.context.SecurityContextPersistenceFilter@592c1926, org.springframework.security.web.header.HeaderWriterFilter@1b0c7d8e, org.springframework.security.web.authentication.logout.LogoutFilter@24eeb2bd, org.springframework.security.web.authentication.www.BasicAuthenticationFilter@1b931247, org.springframework.security.web.savedrequest.RequestCacheAwareFilter@4e717ef9, org.springframework.security.web.servletapi.SecurityContextHolderAwareRequestFilter@64add4a8, org.springframework.security.web.authentication.AnonymousAuthenticationFilter@647310f1, org.springframework.security.web.session.SessionManagementFilter@145f815a, org.springframework.security.web.access.ExceptionTranslationFilter@24b04753, org.springframework.security.web.access.intercept.FilterSecurityInterceptor@a74ccc4]
2021-07-23 16:42:33.070  INFO 17688 --- [         task-1] org.hibernate.dialect.Dialect            : HHH000400: Using dialect: org.hibernate.dialect.H2Dialect
2021-07-23 16:42:34.032  INFO 17688 --- [         task-1] o.h.e.t.j.p.i.JtaPlatformInitiator       : HHH000490: Using JtaPlatform implementation: [org.hibernate.engine.transaction.jta.platform.internal.NoJtaPlatform]
2021-07-23 16:42:34.041  INFO 17688 --- [         task-1] j.LocalContainerEntityManagerFactoryBean : Initialized JPA EntityManagerFactory for persistence unit 'default'
2021-07-23 16:42:34.106  INFO 17688 --- [    Test worker] o.s.b.a.e.web.EndpointLinksResolver      : Exposing 14 endpoint(s) beneath base path '/actuator'
2021-07-23 16:42:34.164  INFO 17688 --- [    Test worker] o.s.b.w.embedded.tomcat.TomcatWebServer  : Tomcat started on port(s): 8080 (http) with context path ''
2021-07-23 16:42:34.165  INFO 17688 --- [    Test worker] DeferredRepositoryInitializationListener : Triggering deferred initialization of Spring Data repositories…
2021-07-23 16:42:34.486  INFO 17688 --- [    Test worker] DeferredRepositoryInitializationListener : Spring Data repositories initialized!
2021-07-23 16:42:34.498  INFO 17688 --- [    Test worker] recipes.RecipesApplication               : Started RecipesApplication in 5.029 seconds (JVM running for 5.974)
2021-07-23 16:42:34.860  INFO 17688 --- [nio-8080-exec-1] o.a.c.c.C.[Tomcat].[localhost].[/]       : Initializing Spring DispatcherServlet 'dispatcherServlet'
2021-07-23 16:42:34.861  INFO 17688 --- [nio-8080-exec-1] o.s.web.servlet.DispatcherServlet        : Initializing Servlet 'dispatcherServlet'
2021-07-23 16:42:34.870  INFO 17688 --- [nio-8080-exec-1] o.s.web.servlet.DispatcherServlet        : Completed initialization in 9 ms
?[1;31m
Start test 2?[0m
?[1;31m
Start test 3?[0m
?[1;31m
Start test 4?[0m
?[1;31m
Start test 5?[0m
2021-07-23 16:42:35.610  WARN 17688 --- [nio-8080-exec-6] .w.s.m.s.DefaultHandlerExceptionResolver : Resolved [org.springframework.web.bind.MethodArgumentNotValidException: Validation failed for argument [0] in public recipes.user.User recipes.user.UserController.registerUser(recipes.user.User): [Field error in object 'user' on field 'email': rejected value [Test3@testcom]; codes [Pattern.user.email,Pattern.email,Pattern.java.lang.String,Pattern]; arguments [org.springframework.context.support.DefaultMessageSourceResolvable: codes [user.email,email]; arguments []; default message [email],[Ljavax.validation.constraints.Pattern$Flag;@3bb980bc,.*@.*\..+]; default message [must match ".*@.*\..+"]] ]
?[1;31m
Start test 6?[0m
2021-07-23 16:42:35.621  WARN 17688 --- [nio-8080-exec-7] .w.s.m.s.DefaultHandlerExceptionResolver : Resolved [org.springframework.web.bind.MethodArgumentNotValidException: Validation failed for argument [0] in public recipes.user.User recipes.user.UserController.registerUser(recipes.user.User): [Field error in object 'user' on field 'email': rejected value [Test4test.com]; codes [Pattern.user.email,Pattern.email,Pattern.java.lang.String,Pattern]; arguments [org.springframework.context.support.DefaultMessageSourceResolvable: codes [user.email,email]; arguments []; default message [email],[Ljavax.validation.constraints.Pattern$Flag;@3bb980bc,.*@.*\..+]; default message [must match ".*@.*\..+"]] ]
?[1;31m
Start test 7?[0m
2021-07-23 16:42:35.631  WARN 17688 --- [nio-8080-exec-8] .w.s.m.s.DefaultHandlerExceptionResolver : Resolved [org.springframework.web.bind.MethodArgumentNotValidException: Validation failed for argument [0] in public recipes.user.User recipes.user.UserController.registerUser(recipes.user.User): [Field error in object 'user' on field 'password': rejected value [Test555]; codes [Size.user.password,Size.password,Size.java.lang.String,Size]; arguments [org.springframework.context.support.DefaultMessageSourceResolvable: codes [user.password,password]; arguments []; default message [password],2147483647,8]; default message [size must be between 8 and 2147483647]] ]
?[1;31m
Start test 8?[0m
2021-07-23 16:42:35.640  WARN 17688 --- [nio-8080-exec-9] .w.s.m.s.DefaultHandlerExceptionResolver : Resolved [org.springframework.web.bind.MethodArgumentNotValidException: Validation failed for argument [0] in public recipes.user.User recipes.user.UserController.registerUser(recipes.user.User): [Field error in object 'user' on field 'password': rejected value [        ]; codes [NotBlank.user.password,NotBlank.password,NotBlank.java.lang.String,NotBlank]; arguments [org.springframework.context.support.DefaultMessageSourceResolvable: codes [user.password,password]; arguments []; default message [password]]; default message [must not be blank]] ]
?[1;31m
Start test 9?[0m
2021-07-23 16:42:35.868  WARN 17688 --- [io-8080-exec-10] o.a.c.util.SessionIdGeneratorBase        : Creation of SecureRandom instance for session ID generation using [SHA1PRNG] took [110] milliseconds.
?[1;31m
Start test 10?[0m
?[1;31m
Start test 11?[0m
?[1;31m
Start test 12?[0m
?[1;31m
Start test 13?[0m
2021-07-23 16:42:36.823  INFO 17688 --- [     Thread-336] j.LocalContainerEntityManagerFactoryBean : Closing JPA EntityManagerFactory for persistence unit 'default'
2021-07-23 16:42:36.825  INFO 17688 --- [     Thread-336] o.s.s.concurrent.ThreadPoolTaskExecutor  : Shutting down ExecutorService 'applicationTaskExecutor'
2021-07-23 16:42:36.826  INFO 17688 --- [     Thread-336] com.zaxxer.hikari.HikariDataSource       : HikariPool-1 - Shutdown initiated...
2021-07-23 16:42:36.854  INFO 17688 --- [     Thread-336] com.zaxxer.hikari.HikariDataSource       : HikariPool-1 - Shutdown completed.

  .   ____          _            __ _ _
 /\\ / ___'_ __ _ _(_)_ __  __ _ \ \ \ \
( ( )\___ | '_ | '_| | '_ \/ _` | \ \ \ \
 \\/  ___)| |_)| | | | | || (_| |  ) ) ) )
  '  |____| .__|_| |_|_| |_\__, | / / / /
 =========|_|==============|___/=/_/_/_/
 :: Spring Boot ::        (v2.3.1.RELEASE)

2021-07-23 16:42:36.950  INFO 17688 --- [    Test worker] recipes.RecipesApplication               : Starting RecipesApplication on PCCZARKA with PID 17688 (started by Windows in G:\Projekty\Recipes\Recipes\task)
2021-07-23 16:42:36.950  INFO 17688 --- [    Test worker] recipes.RecipesApplication               : No active profile set, falling back to default profiles: default
2021-07-23 16:42:37.310  INFO 17688 --- [    Test worker] .s.d.r.c.RepositoryConfigurationDelegate : Bootstrapping Spring Data JPA repositories in DEFERRED mode.
2021-07-23 16:42:37.322  INFO 17688 --- [    Test worker] .s.d.r.c.RepositoryConfigurationDelegate : Finished Spring Data repository scanning in 11ms. Found 2 JPA repository interfaces.
2021-07-23 16:42:37.423  INFO 17688 --- [    Test worker] o.s.b.w.embedded.tomcat.TomcatWebServer  : Tomcat initialized with port(s): 8080 (http)
2021-07-23 16:42:37.424  INFO 17688 --- [    Test worker] o.apache.catalina.core.StandardService   : Starting service [Tomcat]
2021-07-23 16:42:37.424  INFO 17688 --- [    Test worker] org.apache.catalina.core.StandardEngine  : Starting Servlet engine: [Apache Tomcat/9.0.36]
2021-07-23 16:42:37.449  INFO 17688 --- [    Test worker] o.a.c.c.C.[Tomcat].[localhost].[/]       : Initializing Spring embedded WebApplicationContext
2021-07-23 16:42:37.449  INFO 17688 --- [    Test worker] w.s.c.ServletWebServerApplicationContext : Root WebApplicationContext: initialization completed in 496 ms
2021-07-23 16:42:37.504  INFO 17688 --- [    Test worker] com.zaxxer.hikari.HikariDataSource       : HikariPool-2 - Starting...
2021-07-23 16:42:37.526  INFO 17688 --- [    Test worker] com.zaxxer.hikari.HikariDataSource       : HikariPool-2 - Start completed.
2021-07-23 16:42:37.526  INFO 17688 --- [    Test worker] o.s.b.a.h2.H2ConsoleAutoConfiguration    : H2 console available at '/h2-console'. Database available at 'jdbc:h2:file:../recipes_db'
2021-07-23 16:42:37.577  INFO 17688 --- [    Test worker] o.s.s.concurrent.ThreadPoolTaskExecutor  : Initializing ExecutorService 'applicationTaskExecutor'
2021-07-23 16:42:37.582  INFO 17688 --- [         task-1] o.hibernate.jpa.internal.util.LogHelper  : HHH000204: Processing PersistenceUnitInfo [name: default]
2021-07-23 16:42:37.589  INFO 17688 --- [         task-1] org.hibernate.dialect.Dialect            : HHH000400: Using dialect: org.hibernate.dialect.H2Dialect
2021-07-23 16:42:37.622  WARN 17688 --- [    Test worker] JpaBaseConfiguration$JpaWebConfiguration : spring.jpa.open-in-view is enabled by default. Therefore, database queries may be performed during view rendering. Explicitly configure spring.jpa.open-in-view to disable this warning
2021-07-23 16:42:37.728  INFO 17688 --- [    Test worker] o.s.s.web.DefaultSecurityFilterChain     : Creating filter chain: any request, [org.springframework.security.web.context.request.async.WebAsyncManagerIntegrationFilter@6ef04ade, org.springframework.security.web.context.SecurityContextPersistenceFilter@6a21b885, org.springframework.security.web.header.HeaderWriterFilter@772b86f7, org.springframework.security.web.authentication.logout.LogoutFilter@314bfd25, org.springframework.security.web.authentication.www.BasicAuthenticationFilter@65eda77d, org.springframework.security.web.savedrequest.RequestCacheAwareFilter@5dc657f6, org.springframework.security.web.servletapi.SecurityContextHolderAwareRequestFilter@76f17e87, org.springframework.security.web.authentication.AnonymousAuthenticationFilter@553c6bed, org.springframework.security.web.session.SessionManagementFilter@514e3aca, org.springframework.security.web.access.ExceptionTranslationFilter@17040a95, org.springframework.security.web.access.intercept.FilterSecurityInterceptor@5895d4de]
2021-07-23 16:42:37.739  INFO 17688 --- [         task-1] o.h.e.t.j.p.i.JtaPlatformInitiator       : HHH000490: Using JtaPlatform implementation: [org.hibernate.engine.transaction.jta.platform.internal.NoJtaPlatform]
2021-07-23 16:42:37.740  INFO 17688 --- [         task-1] j.LocalContainerEntityManagerFactoryBean : Initialized JPA EntityManagerFactory for persistence unit 'default'
2021-07-23 16:42:37.917  INFO 17688 --- [    Test worker] o.s.b.a.e.web.EndpointLinksResolver      : Exposing 14 endpoint(s) beneath base path '/actuator'
2021-07-23 16:42:37.933  INFO 17688 --- [    Test worker] o.s.b.w.embedded.tomcat.TomcatWebServer  : Tomcat started on port(s): 8080 (http) with context path ''
2021-07-23 16:42:37.934  INFO 17688 --- [    Test worker] DeferredRepositoryInitializationListener : Triggering deferred initialization of Spring Data repositories…
2021-07-23 16:42:37.982  INFO 17688 --- [    Test worker] DeferredRepositoryInitializationListener : Spring Data repositories initialized!
2021-07-23 16:42:37.987  INFO 17688 --- [    Test worker] recipes.RecipesApplication               : Started RecipesApplication in 1.061 seconds (JVM running for 9.463)
?[1;31m
Start test 14?[0m
2021-07-23 16:42:37.996  INFO 17688 --- [nio-8080-exec-1] o.a.c.c.C.[Tomcat].[localhost].[/]       : Initializing Spring DispatcherServlet 'dispatcherServlet'
2021-07-23 16:42:37.997  INFO 17688 --- [nio-8080-exec-1] o.s.web.servlet.DispatcherServlet        : Initializing Servlet 'dispatcherServlet'
2021-07-23 16:42:38.002  INFO 17688 --- [nio-8080-exec-1] o.s.web.servlet.DispatcherServlet        : Completed initialization in 5 ms
?[1;31m
Start test 15?[0m
?[1;31m
Start test 16?[0m
?[1;31m
Start test 17?[0m
?[1;31m
Start test 18?[0m
?[1;31m
Start test 19?[0m
?[1;31m
Start test 20?[0m
?[1;31m
Start test 21?[0m
?[1;31m
Start test 22?[0m
?[1;31m
Start test 23?[0m
?[1;31m
Start test 24?[0m
?[1;31m
Start test 25?[0m
?[1;31m
Start test 26?[0m
?[1;31m
Start test 27?[0m
?[1;31m
Start test 28?[0m
?[1;31m
Start test 29?[0m
?[1;31m
Start test 30?[0m
?[1;31m
Start test 31?[0m
?[1;31m
Start test 32?[0m
?[1;31m
Start test 33?[0m
?[1;31m
Start test 34?[0m
?[1;31m
Start test 35?[0m
?[1;31m
Start test 36?[0m
?[1;31m
Start test 37?[0m
?[1;31m
Start test 38?[0m
?[1;31m
Start test 39?[0m
?[1;31m
Start test 40?[0m
?[1;31m
Start test 41?[0m
?[1;31m
Start test 42?[0m
?[1;31m
Start test 43?[0m
2021-07-23 16:42:40.767  WARN 17688 --- [io-8080-exec-10] .w.s.m.s.DefaultHandlerExceptionResolver : Resolved [org.springframework.web.bind.MethodArgumentNotValidException: Validation failed for argument [0] in public java.util.Map<java.lang.String, ?> recipes.recipe.RecipeController.addRecipe(recipes.recipe.Recipe): [Field error in object 'recipe' on field 'name': rejected value [null]; codes [NotBlank.recipe.name,NotBlank.name,NotBlank.java.lang.String,NotBlank]; arguments [org.springframework.context.support.DefaultMessageSourceResolvable: codes [recipe.name,name]; arguments []; default message [name]]; default message [must not be blank]] ]
?[1;31m
Start test 44?[0m
2021-07-23 16:42:40.852  WARN 17688 --- [nio-8080-exec-1] .w.s.m.s.DefaultHandlerExceptionResolver : Resolved [org.springframework.web.bind.MethodArgumentNotValidException: Validation failed for argument [0] in public java.util.Map<java.lang.String, ?> recipes.recipe.RecipeController.addRecipe(recipes.recipe.Recipe): [Field error in object 'recipe' on field 'category': rejected value [null]; codes [NotBlank.recipe.category,NotBlank.category,NotBlank.java.lang.String,NotBlank]; arguments [org.springframework.context.support.DefaultMessageSourceResolvable: codes [recipe.category,category]; arguments []; default message [category]]; default message [must not be blank]] ]
?[1;31m
Start test 45?[0m
2021-07-23 16:42:40.936  WARN 17688 --- [nio-8080-exec-2] .w.s.m.s.DefaultHandlerExceptionResolver : Resolved [org.springframework.web.bind.MethodArgumentNotValidException: Validation failed for argument [0] in public java.util.Map<java.lang.String, ?> recipes.recipe.RecipeController.addRecipe(recipes.recipe.Recipe): [Field error in object 'recipe' on field 'description': rejected value [null]; codes [NotBlank.recipe.description,NotBlank.description,NotBlank.java.lang.String,NotBlank]; arguments [org.springframework.context.support.DefaultMessageSourceResolvable: codes [recipe.description,description]; arguments []; default message [description]]; default message [must not be blank]] ]
?[1;31m
Start test 46?[0m
2021-07-23 16:42:41.020  WARN 17688 --- [nio-8080-exec-3] .w.s.m.s.DefaultHandlerExceptionResolver : Resolved [org.springframework.web.bind.MethodArgumentNotValidException: Validation failed for argument [0] in public java.util.Map<java.lang.String, ?> recipes.recipe.RecipeController.addRecipe(recipes.recipe.Recipe): [Field error in object 'recipe' on field 'ingredients': rejected value [null]; codes [NotEmpty.recipe.ingredients,NotEmpty.ingredients,NotEmpty.java.util.List,NotEmpty]; arguments [org.springframework.context.support.DefaultMessageSourceResolvable: codes [recipe.ingredients,ingredients]; arguments []; default message [ingredients]]; default message [must not be empty]] ]
?[1;31m
Start test 47?[0m
2021-07-23 16:42:41.104  WARN 17688 --- [nio-8080-exec-4] .w.s.m.s.DefaultHandlerExceptionResolver : Resolved [org.springframework.web.bind.MethodArgumentNotValidException: Validation failed for argument [0] in public java.util.Map<java.lang.String, ?> recipes.recipe.RecipeController.addRecipe(recipes.recipe.Recipe): [Field error in object 'recipe' on field 'directions': rejected value [null]; codes [NotEmpty.recipe.directions,NotEmpty.directions,NotEmpty.java.util.List,NotEmpty]; arguments [org.springframework.context.support.DefaultMessageSourceResolvable: codes [recipe.directions,directions]; arguments []; default message [directions]]; default message [must not be empty]] ]
?[1;31m
Start test 48?[0m
2021-07-23 16:42:41.186  WARN 17688 --- [nio-8080-exec-5] .w.s.m.s.DefaultHandlerExceptionResolver : Resolved [org.springframework.web.bind.MethodArgumentNotValidException: Validation failed for argument [0] in public java.util.Map<java.lang.String, ?> recipes.recipe.RecipeController.addRecipe(recipes.recipe.Recipe): [Field error in object 'recipe' on field 'name': rejected value [  ]; codes [NotBlank.recipe.name,NotBlank.name,NotBlank.java.lang.String,NotBlank]; arguments [org.springframework.context.support.DefaultMessageSourceResolvable: codes [recipe.name,name]; arguments []; default message [name]]; default message [must not be blank]] ]
?[1;31m
Start test 49?[0m
2021-07-23 16:42:41.268  WARN 17688 --- [nio-8080-exec-6] .w.s.m.s.DefaultHandlerExceptionResolver : Resolved [org.springframework.web.bind.MethodArgumentNotValidException: Validation failed for argument [0] in public java.util.Map<java.lang.String, ?> recipes.recipe.RecipeController.addRecipe(recipes.recipe.Recipe): [Field error in object 'recipe' on field 'category': rejected value [  ]; codes [NotBlank.recipe.category,NotBlank.category,NotBlank.java.lang.String,NotBlank]; arguments [org.springframework.context.support.DefaultMessageSourceResolvable: codes [recipe.category,category]; arguments []; default message [category]]; default message [must not be blank]] ]
?[1;31m
Start test 50?[0m
2021-07-23 16:42:41.352  WARN 17688 --- [nio-8080-exec-7] .w.s.m.s.DefaultHandlerExceptionResolver : Resolved [org.springframework.web.bind.MethodArgumentNotValidException: Validation failed for argument [0] in public java.util.Map<java.lang.String, ?> recipes.recipe.RecipeController.addRecipe(recipes.recipe.Recipe): [Field error in object 'recipe' on field 'description': rejected value [  ]; codes [NotBlank.recipe.description,NotBlank.description,NotBlank.java.lang.String,NotBlank]; arguments [org.springframework.context.support.DefaultMessageSourceResolvable: codes [recipe.description,description]; arguments []; default message [description]]; default message [must not be blank]] ]
?[1;31m
Start test 51?[0m
2021-07-23 16:42:41.435  WARN 17688 --- [nio-8080-exec-8] .w.s.m.s.DefaultHandlerExceptionResolver : Resolved [org.springframework.web.bind.MethodArgumentNotValidException: Validation failed for argument [0] in public java.util.Map<java.lang.String, ?> recipes.recipe.RecipeController.addRecipe(recipes.recipe.Recipe): [Field error in object 'recipe' on field 'ingredients': rejected value [[]]; codes [NotEmpty.recipe.ingredients,NotEmpty.ingredients,NotEmpty.java.util.List,NotEmpty]; arguments [org.springframework.context.support.DefaultMessageSourceResolvable: codes [recipe.ingredients,ingredients]; arguments []; default message [ingredients]]; default message [must not be empty]] ]
?[1;31m
Start test 52?[0m
2021-07-23 16:42:41.520  WARN 17688 --- [nio-8080-exec-9] .w.s.m.s.DefaultHandlerExceptionResolver : Resolved [org.springframework.web.bind.MethodArgumentNotValidException: Validation failed for argument [0] in public java.util.Map<java.lang.String, ?> recipes.recipe.RecipeController.addRecipe(recipes.recipe.Recipe): [Field error in object 'recipe' on field 'directions': rejected value [[]]; codes [NotEmpty.recipe.directions,NotEmpty.directions,NotEmpty.java.util.List,NotEmpty]; arguments [org.springframework.context.support.DefaultMessageSourceResolvable: codes [recipe.directions,directions]; arguments []; default message [directions]]; default message [must not be empty]] ]
?[1;31m
Start test 53?[0m
2021-07-23 16:42:41.604  WARN 17688 --- [io-8080-exec-10] .w.s.m.s.DefaultHandlerExceptionResolver : Resolved [org.springframework.web.bind.MethodArgumentNotValidException: Validation failed for argument [1] in public org.springframework.http.ResponseEntity<java.lang.Void> recipes.recipe.RecipeController.updateRecipe(long,recipes.recipe.Recipe): [Field error in object 'recipe' on field 'name': rejected value [null]; codes [NotBlank.recipe.name,NotBlank.name,NotBlank.java.lang.String,NotBlank]; arguments [org.springframework.context.support.DefaultMessageSourceResolvable: codes [recipe.name,name]; arguments []; default message [name]]; default message [must not be blank]] ]
?[1;31m
Start test 54?[0m
2021-07-23 16:42:41.687  WARN 17688 --- [nio-8080-exec-1] .w.s.m.s.DefaultHandlerExceptionResolver : Resolved [org.springframework.web.bind.MethodArgumentNotValidException: Validation failed for argument [1] in public org.springframework.http.ResponseEntity<java.lang.Void> recipes.recipe.RecipeController.updateRecipe(long,recipes.recipe.Recipe): [Field error in object 'recipe' on field 'category': rejected value [null]; codes [NotBlank.recipe.category,NotBlank.category,NotBlank.java.lang.String,NotBlank]; arguments [org.springframework.context.support.DefaultMessageSourceResolvable: codes [recipe.category,category]; arguments []; default message [category]]; default message [must not be blank]] ]
?[1;31m
Start test 55?[0m
2021-07-23 16:42:41.769  WARN 17688 --- [nio-8080-exec-2] .w.s.m.s.DefaultHandlerExceptionResolver : Resolved [org.springframework.web.bind.MethodArgumentNotValidException: Validation failed for argument [1] in public org.springframework.http.ResponseEntity<java.lang.Void> recipes.recipe.RecipeController.updateRecipe(long,recipes.recipe.Recipe): [Field error in object 'recipe' on field 'description': rejected value [null]; codes [NotBlank.recipe.description,NotBlank.description,NotBlank.java.lang.String,NotBlank]; arguments [org.springframework.context.support.DefaultMessageSourceResolvable: codes [recipe.description,description]; arguments []; default message [description]]; default message [must not be blank]] ]
?[1;31m
Start test 56?[0m
2021-07-23 16:42:41.852  WARN 17688 --- [nio-8080-exec-3] .w.s.m.s.DefaultHandlerExceptionResolver : Resolved [org.springframework.web.bind.MethodArgumentNotValidException: Validation failed for argument [1] in public org.springframework.http.ResponseEntity<java.lang.Void> recipes.recipe.RecipeController.updateRecipe(long,recipes.recipe.Recipe): [Field error in object 'recipe' on field 'ingredients': rejected value [null]; codes [NotEmpty.recipe.ingredients,NotEmpty.ingredients,NotEmpty.java.util.List,NotEmpty]; arguments [org.springframework.context.support.DefaultMessageSourceResolvable: codes [recipe.ingredients,ingredients]; arguments []; default message [ingredients]]; default message [must not be empty]] ]
?[1;31m
Start test 57?[0m
2021-07-23 16:42:41.936  WARN 17688 --- [nio-8080-exec-4] .w.s.m.s.DefaultHandlerExceptionResolver : Resolved [org.springframework.web.bind.MethodArgumentNotValidException: Validation failed for argument [1] in public org.springframework.http.ResponseEntity<java.lang.Void> recipes.recipe.RecipeController.updateRecipe(long,recipes.recipe.Recipe): [Field error in object 'recipe' on field 'directions': rejected value [null]; codes [NotEmpty.recipe.directions,NotEmpty.directions,NotEmpty.java.util.List,NotEmpty]; arguments [org.springframework.context.support.DefaultMessageSourceResolvable: codes [recipe.directions,directions]; arguments []; default message [directions]]; default message [must not be empty]] ]
?[1;31m
Start test 58?[0m
2021-07-23 16:42:42.017  WARN 17688 --- [nio-8080-exec-5] .w.s.m.s.DefaultHandlerExceptionResolver : Resolved [org.springframework.web.bind.MethodArgumentNotValidException: Validation failed for argument [1] in public org.springframework.http.ResponseEntity<java.lang.Void> recipes.recipe.RecipeController.updateRecipe(long,recipes.recipe.Recipe): [Field error in object 'recipe' on field 'name': rejected value [  ]; codes [NotBlank.recipe.name,NotBlank.name,NotBlank.java.lang.String,NotBlank]; arguments [org.springframework.context.support.DefaultMessageSourceResolvable: codes [recipe.name,name]; arguments []; default message [name]]; default message [must not be blank]] ]
?[1;31m
Start test 59?[0m
2021-07-23 16:42:42.101  WARN 17688 --- [nio-8080-exec-6] .w.s.m.s.DefaultHandlerExceptionResolver : Resolved [org.springframework.web.bind.MethodArgumentNotValidException: Validation failed for argument [1] in public org.springframework.http.ResponseEntity<java.lang.Void> recipes.recipe.RecipeController.updateRecipe(long,recipes.recipe.Recipe): [Field error in object 'recipe' on field 'category': rejected value [  ]; codes [NotBlank.recipe.category,NotBlank.category,NotBlank.java.lang.String,NotBlank]; arguments [org.springframework.context.support.DefaultMessageSourceResolvable: codes [recipe.category,category]; arguments []; default message [category]]; default message [must not be blank]] ]
?[1;31m
Start test 60?[0m
2021-07-23 16:42:42.183  WARN 17688 --- [nio-8080-exec-7] .w.s.m.s.DefaultHandlerExceptionResolver : Resolved [org.springframework.web.bind.MethodArgumentNotValidException: Validation failed for argument [1] in public org.springframework.http.ResponseEntity<java.lang.Void> recipes.recipe.RecipeController.updateRecipe(long,recipes.recipe.Recipe): [Field error in object 'recipe' on field 'description': rejected value [  ]; codes [NotBlank.recipe.description,NotBlank.description,NotBlank.java.lang.String,NotBlank]; arguments [org.springframework.context.support.DefaultMessageSourceResolvable: codes [recipe.description,description]; arguments []; default message [description]]; default message [must not be blank]] ]
?[1;31m
Start test 61?[0m
2021-07-23 16:42:42.266  WARN 17688 --- [nio-8080-exec-8] .w.s.m.s.DefaultHandlerExceptionResolver : Resolved [org.springframework.web.bind.MethodArgumentNotValidException: Validation failed for argument [1] in public org.springframework.http.ResponseEntity<java.lang.Void> recipes.recipe.RecipeController.updateRecipe(long,recipes.recipe.Recipe): [Field error in object 'recipe' on field 'ingredients': rejected value [[]]; codes [NotEmpty.recipe.ingredients,NotEmpty.ingredients,NotEmpty.java.util.List,NotEmpty]; arguments [org.springframework.context.support.DefaultMessageSourceResolvable: codes [recipe.ingredients,ingredients]; arguments []; default message [ingredients]]; default message [must not be empty]] ]
?[1;31m
Start test 62?[0m
2021-07-23 16:42:42.347  WARN 17688 --- [nio-8080-exec-9] .w.s.m.s.DefaultHandlerExceptionResolver : Resolved [org.springframework.web.bind.MethodArgumentNotValidException: Validation failed for argument [1] in public org.springframework.http.ResponseEntity<java.lang.Void> recipes.recipe.RecipeController.updateRecipe(long,recipes.recipe.Recipe): [Field error in object 'recipe' on field 'directions': rejected value [[]]; codes [NotEmpty.recipe.directions,NotEmpty.directions,NotEmpty.java.util.List,NotEmpty]; arguments [org.springframework.context.support.DefaultMessageSourceResolvable: codes [recipe.directions,directions]; arguments []; default message [directions]]; default message [must not be empty]] ]
?[1;31m
Start test 63?[0m
2021-07-23 16:42:42.959  INFO 17688 --- [     Thread-669] j.LocalContainerEntityManagerFactoryBean : Closing JPA EntityManagerFactory for persistence unit 'default'
2021-07-23 16:42:42.959  INFO 17688 --- [     Thread-669] o.s.s.concurrent.ThreadPoolTaskExecutor  : Shutting down ExecutorService 'applicationTaskExecutor'
2021-07-23 16:42:42.960  INFO 17688 --- [     Thread-669] com.zaxxer.hikari.HikariDataSource       : HikariPool-2 - Shutdown initiated...

  .   ____          _            __ _ _
 /\\ / ___'_ __ _ _(_)_ __  __ _ \ \ \ \
( ( )\___ | '_ | '_| | '_ \/ _` | \ \ \ \
 \\/  ___)| |_)| | | | | || (_| |  ) ) ) )
  '  |____| .__|_| |_|_| |_\__, | / / / /
 =========|_|==============|___/=/_/_/_/
 :: Spring Boot ::        (v2.3.1.RELEASE)

2021-07-23 16:42:42.987  INFO 17688 --- [    Test worker] recipes.RecipesApplication               : Starting RecipesApplication on PCCZARKA with PID 17688 (started by Windows in G:\Projekty\Recipes\Recipes\task)
2021-07-23 16:42:42.987  INFO 17688 --- [    Test worker] recipes.RecipesApplication               : No active profile set, falling back to default profiles: default
2021-07-23 16:42:43.284  INFO 17688 --- [    Test worker] .s.d.r.c.RepositoryConfigurationDelegate : Bootstrapping Spring Data JPA repositories in DEFERRED mode.
2021-07-23 16:42:43.292  INFO 17688 --- [    Test worker] .s.d.r.c.RepositoryConfigurationDelegate : Finished Spring Data repository scanning in 7ms. Found 2 JPA repository interfaces.
2021-07-23 16:42:43.371  INFO 17688 --- [    Test worker] o.s.b.w.embedded.tomcat.TomcatWebServer  : Tomcat initialized with port(s): 8080 (http)
2021-07-23 16:42:43.372  INFO 17688 --- [    Test worker] o.apache.catalina.core.StandardService   : Starting service [Tomcat]
2021-07-23 16:42:43.373  INFO 17688 --- [    Test worker] org.apache.catalina.core.StandardEngine  : Starting Servlet engine: [Apache Tomcat/9.0.36]
2021-07-23 16:42:43.393  INFO 17688 --- [    Test worker] o.a.c.c.C.[Tomcat].[localhost].[/]       : Initializing Spring embedded WebApplicationContext
2021-07-23 16:42:43.394  INFO 17688 --- [    Test worker] w.s.c.ServletWebServerApplicationContext : Root WebApplicationContext: initialization completed in 405 ms
2021-07-23 16:42:43.431  INFO 17688 --- [    Test worker] com.zaxxer.hikari.HikariDataSource       : HikariPool-3 - Starting...
2021-07-23 16:42:43.444  INFO 17688 --- [    Test worker] com.zaxxer.hikari.HikariDataSource       : HikariPool-3 - Start completed.
2021-07-23 16:42:43.444  INFO 17688 --- [    Test worker] o.s.b.a.h2.H2ConsoleAutoConfiguration    : H2 console available at '/h2-console'. Database available at 'jdbc:h2:file:../recipes_db'
2021-07-23 16:42:43.484  INFO 17688 --- [    Test worker] o.s.s.concurrent.ThreadPoolTaskExecutor  : Initializing ExecutorService 'applicationTaskExecutor'
2021-07-23 16:42:43.488  INFO 17688 --- [         task-1] o.hibernate.jpa.internal.util.LogHelper  : HHH000204: Processing PersistenceUnitInfo [name: default]
2021-07-23 16:42:43.494  INFO 17688 --- [         task-1] org.hibernate.dialect.Dialect            : HHH000400: Using dialect: org.hibernate.dialect.H2Dialect
2021-07-23 16:42:43.514  WARN 17688 --- [    Test worker] JpaBaseConfiguration$JpaWebConfiguration : spring.jpa.open-in-view is enabled by default. Therefore, database queries may be performed during view rendering. Explicitly configure spring.jpa.open-in-view to disable this warning
2021-07-23 16:42:43.567  INFO 17688 --- [    Test worker] o.s.s.web.DefaultSecurityFilterChain     : Creating filter chain: any request, [org.springframework.security.web.context.request.async.WebAsyncManagerIntegrationFilter@79b448a9, org.springframework.security.web.context.SecurityContextPersistenceFilter@5edda25b, org.springframework.security.web.header.HeaderWriterFilter@6831b49c, org.springframework.security.web.authentication.logout.LogoutFilter@4e796d14, org.springframework.security.web.authentication.www.BasicAuthenticationFilter@7ecaf64c, org.springframework.security.web.savedrequest.RequestCacheAwareFilter@34a2344b, org.springframework.security.web.servletapi.SecurityContextHolderAwareRequestFilter@5152e317, org.springframework.security.web.authentication.AnonymousAuthenticationFilter@e45bd97, org.springframework.security.web.session.SessionManagementFilter@2d103d7d, org.springframework.security.web.access.ExceptionTranslationFilter@721310c3, org.springframework.security.web.access.intercept.FilterSecurityInterceptor@754b5e5c]
2021-07-23 16:42:43.602  INFO 17688 --- [         task-1] o.h.e.t.j.p.i.JtaPlatformInitiator       : HHH000490: Using JtaPlatform implementation: [org.hibernate.engine.transaction.jta.platform.internal.NoJtaPlatform]
2021-07-23 16:42:43.602  INFO 17688 --- [         task-1] j.LocalContainerEntityManagerFactoryBean : Initialized JPA EntityManagerFactory for persistence unit 'default'
2021-07-23 16:42:43.757  INFO 17688 --- [    Test worker] o.s.b.a.e.web.EndpointLinksResolver      : Exposing 14 endpoint(s) beneath base path '/actuator'
2021-07-23 16:42:43.771  INFO 17688 --- [    Test worker] o.s.b.w.embedded.tomcat.TomcatWebServer  : Tomcat started on port(s): 8080 (http) with context path ''
2021-07-23 16:42:43.771  INFO 17688 --- [    Test worker] DeferredRepositoryInitializationListener : Triggering deferred initialization of Spring Data repositories…
2021-07-23 16:42:43.812  INFO 17688 --- [    Test worker] DeferredRepositoryInitializationListener : Spring Data repositories initialized!
2021-07-23 16:42:43.816  INFO 17688 --- [    Test worker] recipes.RecipesApplication               : Started RecipesApplication in 0.852 seconds (JVM running for 15.292)
?[1;31m
Start test 64?[0m
2021-07-23 16:42:43.824  INFO 17688 --- [nio-8080-exec-1] o.a.c.c.C.[Tomcat].[localhost].[/]       : Initializing Spring DispatcherServlet 'dispatcherServlet'
2021-07-23 16:42:43.824  INFO 17688 --- [nio-8080-exec-1] o.s.web.servlet.DispatcherServlet        : Initializing Servlet 'dispatcherServlet'
2021-07-23 16:42:43.828  INFO 17688 --- [nio-8080-exec-1] o.s.web.servlet.DispatcherServlet        : Completed initialization in 4 ms
?[1;31m
Start test 65?[0m
?[1;31m
Start test 66?[0m
?[1;31m
Start test 67?[0m
?[1;31m
Start test 68?[0m
?[1;31m
Start test 69?[0m
?[1;31m
Start test 70?[0m
2021-07-23 16:42:44.386 ERROR 17688 --- [nio-8080-exec-7] o.a.c.c.C.[.[.[/].[dispatcherServlet]    : Servlet.service() for servlet [dispatcherServlet] in context with path [] threw exception

org.springframework.web.server.ResponseStatusException: 404 NOT_FOUND
	at recipes.config.CustomAuthenticationProvider.lambda$authenticate$0(CustomAuthenticationProvider.java:33) ~[main/:na]
	at java.base/java.util.Optional.orElseThrow(Optional.java:408) ~[na:na]
	at recipes.config.CustomAuthenticationProvider.authenticate(CustomAuthenticationProvider.java:32) ~[main/:na]
	at org.springframework.security.authentication.ProviderManager.authenticate(ProviderManager.java:199) ~[spring-security-core-5.3.3.RELEASE.jar:5.3.3.RELEASE]
	at org.springframework.security.authentication.ProviderManager.authenticate(ProviderManager.java:219) ~[spring-security-core-5.3.3.RELEASE.jar:5.3.3.RELEASE]
	at org.springframework.security.web.authentication.www.BasicAuthenticationFilter.doFilterInternal(BasicAuthenticationFilter.java:169) ~[spring-security-web-5.3.3.RELEASE.jar:5.3.3.RELEASE]
	at org.springframework.web.filter.OncePerRequestFilter.doFilter(OncePerRequestFilter.java:119) ~[spring-web-5.2.7.RELEASE.jar:5.2.7.RELEASE]
	at org.springframework.security.web.FilterChainProxy$VirtualFilterChain.doFilter(FilterChainProxy.java:334) ~[spring-security-web-5.3.3.RELEASE.jar:5.3.3.RELEASE]
	at org.springframework.security.web.authentication.logout.LogoutFilter.doFilter(LogoutFilter.java:116) ~[spring-security-web-5.3.3.RELEASE.jar:5.3.3.RELEASE]
	at org.springframework.security.web.FilterChainProxy$VirtualFilterChain.doFilter(FilterChainProxy.java:334) ~[spring-security-web-5.3.3.RELEASE.jar:5.3.3.RELEASE]
	at org.springframework.security.web.header.HeaderWriterFilter.doHeadersAfter(HeaderWriterFilter.java:92) ~[spring-security-web-5.3.3.RELEASE.jar:5.3.3.RELEASE]
	at org.springframework.security.web.header.HeaderWriterFilter.doFilterInternal(HeaderWriterFilter.java:77) ~[spring-security-web-5.3.3.RELEASE.jar:5.3.3.RELEASE]
	at org.springframework.web.filter.OncePerRequestFilter.doFilter(OncePerRequestFilter.java:119) ~[spring-web-5.2.7.RELEASE.jar:5.2.7.RELEASE]
	at org.springframework.security.web.FilterChainProxy$VirtualFilterChain.doFilter(FilterChainProxy.java:334) ~[spring-security-web-5.3.3.RELEASE.jar:5.3.3.RELEASE]
	at org.springframework.security.web.context.SecurityContextPersistenceFilter.doFilter(SecurityContextPersistenceFilter.java:105) ~[spring-security-web-5.3.3.RELEASE.jar:5.3.3.RELEASE]
	at org.springframework.security.web.FilterChainProxy$VirtualFilterChain.doFilter(FilterChainProxy.java:334) ~[spring-security-web-5.3.3.RELEASE.jar:5.3.3.RELEASE]
	at org.springframework.security.web.context.request.async.WebAsyncManagerIntegrationFilter.doFilterInternal(WebAsyncManagerIntegrationFilter.java:56) ~[spring-security-web-5.3.3.RELEASE.jar:5.3.3.RELEASE]
	at org.springframework.web.filter.OncePerRequestFilter.doFilter(OncePerRequestFilter.java:119) ~[spring-web-5.2.7.RELEASE.jar:5.2.7.RELEASE]
	at org.springframework.security.web.FilterChainProxy$VirtualFilterChain.doFilter(FilterChainProxy.java:334) ~[spring-security-web-5.3.3.RELEASE.jar:5.3.3.RELEASE]
	at org.springframework.security.web.FilterChainProxy.doFilterInternal(FilterChainProxy.java:215) ~[spring-security-web-5.3.3.RELEASE.jar:5.3.3.RELEASE]
	at org.springframework.security.web.FilterChainProxy.doFilter(FilterChainProxy.java:178) ~[spring-security-web-5.3.3.RELEASE.jar:5.3.3.RELEASE]
	at org.springframework.web.filter.DelegatingFilterProxy.invokeDelegate(DelegatingFilterProxy.java:358) ~[spring-web-5.2.7.RELEASE.jar:5.2.7.RELEASE]
	at org.springframework.web.filter.DelegatingFilterProxy.doFilter(DelegatingFilterProxy.java:271) ~[spring-web-5.2.7.RELEASE.jar:5.2.7.RELEASE]
	at jdk.internal.reflect.GeneratedMethodAccessor54.invoke(Unknown Source) ~[na:na]
	at java.base/jdk.internal.reflect.DelegatingMethodAccessorImpl.invoke(DelegatingMethodAccessorImpl.java:43) ~[na:na]
	at java.base/java.lang.reflect.Method.invoke(Method.java:566) ~[na:na]
	at org.apache.catalina.security.SecurityUtil$1.run(SecurityUtil.java:282) ~[tomcat-embed-core-9.0.36.jar:9.0.36]
	at org.apache.catalina.security.SecurityUtil$1.run(SecurityUtil.java:279) ~[tomcat-embed-core-9.0.36.jar:9.0.36]
	at java.base/java.security.AccessController.doPrivileged(Native Method) ~[na:na]
	at java.base/javax.security.auth.Subject.doAsPrivileged(Subject.java:550) ~[na:na]
	at org.apache.catalina.security.SecurityUtil.execute(SecurityUtil.java:314) ~[tomcat-embed-core-9.0.36.jar:9.0.36]
	at org.apache.catalina.security.SecurityUtil.doAsPrivilege(SecurityUtil.java:253) ~[tomcat-embed-core-9.0.36.jar:9.0.36]
	at org.apache.catalina.core.ApplicationFilterChain.internalDoFilter(ApplicationFilterChain.java:191) ~[tomcat-embed-core-9.0.36.jar:9.0.36]
	at org.apache.catalina.core.ApplicationFilterChain.access$000(ApplicationFilterChain.java:47) ~[tomcat-embed-core-9.0.36.jar:9.0.36]
	at org.apache.catalina.core.ApplicationFilterChain$1.run(ApplicationFilterChain.java:149) ~[tomcat-embed-core-9.0.36.jar:9.0.36]
	at org.apache.catalina.core.ApplicationFilterChain$1.run(ApplicationFilterChain.java:145) ~[tomcat-embed-core-9.0.36.jar:9.0.36]
	at java.base/java.security.AccessController.doPrivileged(Native Method) ~[na:na]
	at org.apache.catalina.core.ApplicationFilterChain.doFilter(ApplicationFilterChain.java:144) ~[tomcat-embed-core-9.0.36.jar:9.0.36]
	at org.springframework.boot.actuate.metrics.web.servlet.WebMvcMetricsFilter.doFilterInternal(WebMvcMetricsFilter.java:93) ~[spring-boot-actuator-2.3.1.RELEASE.jar:2.3.1.RELEASE]
	at org.springframework.web.filter.OncePerRequestFilter.doFilter(OncePerRequestFilter.java:119) ~[spring-web-5.2.7.RELEASE.jar:5.2.7.RELEASE]
	at jdk.internal.reflect.GeneratedMethodAccessor54.invoke(Unknown Source) ~[na:na]
	at java.base/jdk.internal.reflect.DelegatingMethodAccessorImpl.invoke(DelegatingMethodAccessorImpl.java:43) ~[na:na]
	at java.base/java.lang.reflect.Method.invoke(Method.java:566) ~[na:na]
	at org.apache.catalina.security.SecurityUtil$1.run(SecurityUtil.java:282) ~[tomcat-embed-core-9.0.36.jar:9.0.36]
	at org.apache.catalina.security.SecurityUtil$1.run(SecurityUtil.java:279) ~[tomcat-embed-core-9.0.36.jar:9.0.36]
	at java.base/java.security.AccessController.doPrivileged(Native Method) ~[na:na]
	at java.base/javax.security.auth.Subject.doAsPrivileged(Subject.java:550) ~[na:na]
	at org.apache.catalina.security.SecurityUtil.execute(SecurityUtil.java:314) ~[tomcat-embed-core-9.0.36.jar:9.0.36]
	at org.apache.catalina.security.SecurityUtil.doAsPrivilege(SecurityUtil.java:253) ~[tomcat-embed-core-9.0.36.jar:9.0.36]
	at org.apache.catalina.core.ApplicationFilterChain.internalDoFilter(ApplicationFilterChain.java:191) ~[tomcat-embed-core-9.0.36.jar:9.0.36]
	at org.apache.catalina.core.ApplicationFilterChain.access$000(ApplicationFilterChain.java:47) ~[tomcat-embed-core-9.0.36.jar:9.0.36]
	at org.apache.catalina.core.ApplicationFilterChain$1.run(ApplicationFilterChain.java:149) ~[tomcat-embed-core-9.0.36.jar:9.0.36]
	at org.apache.catalina.core.ApplicationFilterChain$1.run(ApplicationFilterChain.java:145) ~[tomcat-embed-core-9.0.36.jar:9.0.36]
	at java.base/java.security.AccessController.doPrivileged(Native Method) ~[na:na]
	at org.apache.catalina.core.ApplicationFilterChain.doFilter(ApplicationFilterChain.java:144) ~[tomcat-embed-core-9.0.36.jar:9.0.36]
	at org.springframework.web.filter.CharacterEncodingFilter.doFilterInternal(CharacterEncodingFilter.java:201) ~[spring-web-5.2.7.RELEASE.jar:5.2.7.RELEASE]
	at org.springframework.web.filter.OncePerRequestFilter.doFilter(OncePerRequestFilter.java:119) ~[spring-web-5.2.7.RELEASE.jar:5.2.7.RELEASE]
	at jdk.internal.reflect.GeneratedMethodAccessor54.invoke(Unknown Source) ~[na:na]
	at java.base/jdk.internal.reflect.DelegatingMethodAccessorImpl.invoke(DelegatingMethodAccessorImpl.java:43) ~[na:na]
	at java.base/java.lang.reflect.Method.invoke(Method.java:566) ~[na:na]
	at org.apache.catalina.security.SecurityUtil$1.run(SecurityUtil.java:282) ~[tomcat-embed-core-9.0.36.jar:9.0.36]
	at org.apache.catalina.security.SecurityUtil$1.run(SecurityUtil.java:279) ~[tomcat-embed-core-9.0.36.jar:9.0.36]
	at java.base/java.security.AccessController.doPrivileged(Native Method) ~[na:na]
	at java.base/javax.security.auth.Subject.doAsPrivileged(Subject.java:550) ~[na:na]
	at org.apache.catalina.security.SecurityUtil.execute(SecurityUtil.java:314) ~[tomcat-embed-core-9.0.36.jar:9.0.36]
	at org.apache.catalina.security.SecurityUtil.doAsPrivilege(SecurityUtil.java:253) ~[tomcat-embed-core-9.0.36.jar:9.0.36]
	at org.apache.catalina.core.ApplicationFilterChain.internalDoFilter(ApplicationFilterChain.java:191) ~[tomcat-embed-core-9.0.36.jar:9.0.36]
	at org.apache.catalina.core.ApplicationFilterChain.access$000(ApplicationFilterChain.java:47) ~[tomcat-embed-core-9.0.36.jar:9.0.36]
	at org.apache.catalina.core.ApplicationFilterChain$1.run(ApplicationFilterChain.java:149) ~[tomcat-embed-core-9.0.36.jar:9.0.36]
	at org.apache.catalina.core.ApplicationFilterChain$1.run(ApplicationFilterChain.java:145) ~[tomcat-embed-core-9.0.36.jar:9.0.36]
	at java.base/java.security.AccessController.doPrivileged(Native Method) ~[na:na]
	at org.apache.catalina.core.ApplicationFilterChain.doFilter(ApplicationFilterChain.java:144) ~[tomcat-embed-core-9.0.36.jar:9.0.36]
	at org.apache.catalina.core.StandardWrapperValve.invoke(StandardWrapperValve.java:202) ~[tomcat-embed-core-9.0.36.jar:9.0.36]
	at org.apache.catalina.core.StandardContextValve.invoke(StandardContextValve.java:96) ~[tomcat-embed-core-9.0.36.jar:9.0.36]
	at org.apache.catalina.authenticator.AuthenticatorBase.invoke(AuthenticatorBase.java:541) ~[tomcat-embed-core-9.0.36.jar:9.0.36]
	at org.apache.catalina.core.StandardHostValve.invoke(StandardHostValve.java:139) ~[tomcat-embed-core-9.0.36.jar:9.0.36]
	at org.apache.catalina.valves.ErrorReportValve.invoke(ErrorReportValve.java:92) ~[tomcat-embed-core-9.0.36.jar:9.0.36]
	at org.apache.catalina.core.StandardEngineValve.invoke(StandardEngineValve.java:74) ~[tomcat-embed-core-9.0.36.jar:9.0.36]
	at org.apache.catalina.connector.CoyoteAdapter.service(CoyoteAdapter.java:343) ~[tomcat-embed-core-9.0.36.jar:9.0.36]
	at org.apache.coyote.http11.Http11Processor.service(Http11Processor.java:373) ~[tomcat-embed-core-9.0.36.jar:9.0.36]
	at org.apache.coyote.AbstractProcessorLight.process(AbstractProcessorLight.java:65) ~[tomcat-embed-core-9.0.36.jar:9.0.36]
	at org.apache.coyote.AbstractProtocol$ConnectionHandler.process(AbstractProtocol.java:868) ~[tomcat-embed-core-9.0.36.jar:9.0.36]
	at org.apache.tomcat.util.net.NioEndpoint$SocketProcessor.doRun(NioEndpoint.java:1590) ~[tomcat-embed-core-9.0.36.jar:9.0.36]
	at org.apache.tomcat.util.net.SocketProcessorBase.run(SocketProcessorBase.java:49) ~[tomcat-embed-core-9.0.36.jar:9.0.36]
	at java.base/java.util.concurrent.ThreadPoolExecutor.runWorker(ThreadPoolExecutor.java:1128) ~[na:na]
	at java.base/java.util.concurrent.ThreadPoolExecutor$Worker.run(ThreadPoolExecutor.java:628) ~[na:na]
	at org.apache.tomcat.util.threads.TaskThread$WrappingRunnable.run(TaskThread.java:61) ~[tomcat-embed-core-9.0.36.jar:9.0.36]
	at java.base/java.lang.Thread.run(Thread.java:829) ~[na:na]

?[1;31m
Start test 71?[0m
2021-07-23 16:42:44.407 ERROR 17688 --- [nio-8080-exec-8] o.a.c.c.C.[.[.[/].[dispatcherServlet]    : Servlet.service() for servlet [dispatcherServlet] in context with path [] threw exception

org.springframework.web.server.ResponseStatusException: 404 NOT_FOUND
	at recipes.config.CustomAuthenticationProvider.lambda$authenticate$0(CustomAuthenticationProvider.java:33) ~[main/:na]
	at java.base/java.util.Optional.orElseThrow(Optional.java:408) ~[na:na]
	at recipes.config.CustomAuthenticationProvider.authenticate(CustomAuthenticationProvider.java:32) ~[main/:na]
	at org.springframework.security.authentication.ProviderManager.authenticate(ProviderManager.java:199) ~[spring-security-core-5.3.3.RELEASE.jar:5.3.3.RELEASE]
	at org.springframework.security.authentication.ProviderManager.authenticate(ProviderManager.java:219) ~[spring-security-core-5.3.3.RELEASE.jar:5.3.3.RELEASE]
	at org.springframework.security.web.authentication.www.BasicAuthenticationFilter.doFilterInternal(BasicAuthenticationFilter.java:169) ~[spring-security-web-5.3.3.RELEASE.jar:5.3.3.RELEASE]
	at org.springframework.web.filter.OncePerRequestFilter.doFilter(OncePerRequestFilter.java:119) ~[spring-web-5.2.7.RELEASE.jar:5.2.7.RELEASE]
	at org.springframework.security.web.FilterChainProxy$VirtualFilterChain.doFilter(FilterChainProxy.java:334) ~[spring-security-web-5.3.3.RELEASE.jar:5.3.3.RELEASE]
	at org.springframework.security.web.authentication.logout.LogoutFilter.doFilter(LogoutFilter.java:116) ~[spring-security-web-5.3.3.RELEASE.jar:5.3.3.RELEASE]
	at org.springframework.security.web.FilterChainProxy$VirtualFilterChain.doFilter(FilterChainProxy.java:334) ~[spring-security-web-5.3.3.RELEASE.jar:5.3.3.RELEASE]
	at org.springframework.security.web.header.HeaderWriterFilter.doHeadersAfter(HeaderWriterFilter.java:92) ~[spring-security-web-5.3.3.RELEASE.jar:5.3.3.RELEASE]
	at org.springframework.security.web.header.HeaderWriterFilter.doFilterInternal(HeaderWriterFilter.java:77) ~[spring-security-web-5.3.3.RELEASE.jar:5.3.3.RELEASE]
	at org.springframework.web.filter.OncePerRequestFilter.doFilter(OncePerRequestFilter.java:119) ~[spring-web-5.2.7.RELEASE.jar:5.2.7.RELEASE]
	at org.springframework.security.web.FilterChainProxy$VirtualFilterChain.doFilter(FilterChainProxy.java:334) ~[spring-security-web-5.3.3.RELEASE.jar:5.3.3.RELEASE]
	at org.springframework.security.web.context.SecurityContextPersistenceFilter.doFilter(SecurityContextPersistenceFilter.java:105) ~[spring-security-web-5.3.3.RELEASE.jar:5.3.3.RELEASE]
	at org.springframework.security.web.FilterChainProxy$VirtualFilterChain.doFilter(FilterChainProxy.java:334) ~[spring-security-web-5.3.3.RELEASE.jar:5.3.3.RELEASE]
	at org.springframework.security.web.context.request.async.WebAsyncManagerIntegrationFilter.doFilterInternal(WebAsyncManagerIntegrationFilter.java:56) ~[spring-security-web-5.3.3.RELEASE.jar:5.3.3.RELEASE]
	at org.springframework.web.filter.OncePerRequestFilter.doFilter(OncePerRequestFilter.java:119) ~[spring-web-5.2.7.RELEASE.jar:5.2.7.RELEASE]
	at org.springframework.security.web.FilterChainProxy$VirtualFilterChain.doFilter(FilterChainProxy.java:334) ~[spring-security-web-5.3.3.RELEASE.jar:5.3.3.RELEASE]
	at org.springframework.security.web.FilterChainProxy.doFilterInternal(FilterChainProxy.java:215) ~[spring-security-web-5.3.3.RELEASE.jar:5.3.3.RELEASE]
	at org.springframework.security.web.FilterChainProxy.doFilter(FilterChainProxy.java:178) ~[spring-security-web-5.3.3.RELEASE.jar:5.3.3.RELEASE]
	at org.springframework.web.filter.DelegatingFilterProxy.invokeDelegate(DelegatingFilterProxy.java:358) ~[spring-web-5.2.7.RELEASE.jar:5.2.7.RELEASE]
	at org.springframework.web.filter.DelegatingFilterProxy.doFilter(DelegatingFilterProxy.java:271) ~[spring-web-5.2.7.RELEASE.jar:5.2.7.RELEASE]
	at jdk.internal.reflect.GeneratedMethodAccessor54.invoke(Unknown Source) ~[na:na]
	at java.base/jdk.internal.reflect.DelegatingMethodAccessorImpl.invoke(DelegatingMethodAccessorImpl.java:43) ~[na:na]
	at java.base/java.lang.reflect.Method.invoke(Method.java:566) ~[na:na]
	at org.apache.catalina.security.SecurityUtil$1.run(SecurityUtil.java:282) ~[tomcat-embed-core-9.0.36.jar:9.0.36]
	at org.apache.catalina.security.SecurityUtil$1.run(SecurityUtil.java:279) ~[tomcat-embed-core-9.0.36.jar:9.0.36]
	at java.base/java.security.AccessController.doPrivileged(Native Method) ~[na:na]
	at java.base/javax.security.auth.Subject.doAsPrivileged(Subject.java:550) ~[na:na]
	at org.apache.catalina.security.SecurityUtil.execute(SecurityUtil.java:314) ~[tomcat-embed-core-9.0.36.jar:9.0.36]
	at org.apache.catalina.security.SecurityUtil.doAsPrivilege(SecurityUtil.java:253) ~[tomcat-embed-core-9.0.36.jar:9.0.36]
	at org.apache.catalina.core.ApplicationFilterChain.internalDoFilter(ApplicationFilterChain.java:191) ~[tomcat-embed-core-9.0.36.jar:9.0.36]
	at org.apache.catalina.core.ApplicationFilterChain.access$000(ApplicationFilterChain.java:47) ~[tomcat-embed-core-9.0.36.jar:9.0.36]
	at org.apache.catalina.core.ApplicationFilterChain$1.run(ApplicationFilterChain.java:149) ~[tomcat-embed-core-9.0.36.jar:9.0.36]
	at org.apache.catalina.core.ApplicationFilterChain$1.run(ApplicationFilterChain.java:145) ~[tomcat-embed-core-9.0.36.jar:9.0.36]
	at java.base/java.security.AccessController.doPrivileged(Native Method) ~[na:na]
	at org.apache.catalina.core.ApplicationFilterChain.doFilter(ApplicationFilterChain.java:144) ~[tomcat-embed-core-9.0.36.jar:9.0.36]
	at org.springframework.boot.actuate.metrics.web.servlet.WebMvcMetricsFilter.doFilterInternal(WebMvcMetricsFilter.java:93) ~[spring-boot-actuator-2.3.1.RELEASE.jar:2.3.1.RELEASE]
	at org.springframework.web.filter.OncePerRequestFilter.doFilter(OncePerRequestFilter.java:119) ~[spring-web-5.2.7.RELEASE.jar:5.2.7.RELEASE]
	at jdk.internal.reflect.GeneratedMethodAccessor54.invoke(Unknown Source) ~[na:na]
	at java.base/jdk.internal.reflect.DelegatingMethodAccessorImpl.invoke(DelegatingMethodAccessorImpl.java:43) ~[na:na]
	at java.base/java.lang.reflect.Method.invoke(Method.java:566) ~[na:na]
	at org.apache.catalina.security.SecurityUtil$1.run(SecurityUtil.java:282) ~[tomcat-embed-core-9.0.36.jar:9.0.36]
	at org.apache.catalina.security.SecurityUtil$1.run(SecurityUtil.java:279) ~[tomcat-embed-core-9.0.36.jar:9.0.36]
	at java.base/java.security.AccessController.doPrivileged(Native Method) ~[na:na]
	at java.base/javax.security.auth.Subject.doAsPrivileged(Subject.java:550) ~[na:na]
	at org.apache.catalina.security.SecurityUtil.execute(SecurityUtil.java:314) ~[tomcat-embed-core-9.0.36.jar:9.0.36]
	at org.apache.catalina.security.SecurityUtil.doAsPrivilege(SecurityUtil.java:253) ~[tomcat-embed-core-9.0.36.jar:9.0.36]
	at org.apache.catalina.core.ApplicationFilterChain.internalDoFilter(ApplicationFilterChain.java:191) ~[tomcat-embed-core-9.0.36.jar:9.0.36]
	at org.apache.catalina.core.ApplicationFilterChain.access$000(ApplicationFilterChain.java:47) ~[tomcat-embed-core-9.0.36.jar:9.0.36]
	at org.apache.catalina.core.ApplicationFilterChain$1.run(ApplicationFilterChain.java:149) ~[tomcat-embed-core-9.0.36.jar:9.0.36]
	at org.apache.catalina.core.ApplicationFilterChain$1.run(ApplicationFilterChain.java:145) ~[tomcat-embed-core-9.0.36.jar:9.0.36]
	at java.base/java.security.AccessController.doPrivileged(Native Method) ~[na:na]
	at org.apache.catalina.core.ApplicationFilterChain.doFilter(ApplicationFilterChain.java:144) ~[tomcat-embed-core-9.0.36.jar:9.0.36]
	at org.springframework.web.filter.CharacterEncodingFilter.doFilterInternal(CharacterEncodingFilter.java:201) ~[spring-web-5.2.7.RELEASE.jar:5.2.7.RELEASE]
	at org.springframework.web.filter.OncePerRequestFilter.doFilter(OncePerRequestFilter.java:119) ~[spring-web-5.2.7.RELEASE.jar:5.2.7.RELEASE]
	at jdk.internal.reflect.GeneratedMethodAccessor54.invoke(Unknown Source) ~[na:na]
	at java.base/jdk.internal.reflect.DelegatingMethodAccessorImpl.invoke(DelegatingMethodAccessorImpl.java:43) ~[na:na]
	at java.base/java.lang.reflect.Method.invoke(Method.java:566) ~[na:na]
	at org.apache.catalina.security.SecurityUtil$1.run(SecurityUtil.java:282) ~[tomcat-embed-core-9.0.36.jar:9.0.36]
	at org.apache.catalina.security.SecurityUtil$1.run(SecurityUtil.java:279) ~[tomcat-embed-core-9.0.36.jar:9.0.36]
	at java.base/java.security.AccessController.doPrivileged(Native Method) ~[na:na]
	at java.base/javax.security.auth.Subject.doAsPrivileged(Subject.java:550) ~[na:na]
	at org.apache.catalina.security.SecurityUtil.execute(SecurityUtil.java:314) ~[tomcat-embed-core-9.0.36.jar:9.0.36]
	at org.apache.catalina.security.SecurityUtil.doAsPrivilege(SecurityUtil.java:253) ~[tomcat-embed-core-9.0.36.jar:9.0.36]
	at org.apache.catalina.core.ApplicationFilterChain.internalDoFilter(ApplicationFilterChain.java:191) ~[tomcat-embed-core-9.0.36.jar:9.0.36]
	at org.apache.catalina.core.ApplicationFilterChain.access$000(ApplicationFilterChain.java:47) ~[tomcat-embed-core-9.0.36.jar:9.0.36]
	at org.apache.catalina.core.ApplicationFilterChain$1.run(ApplicationFilterChain.java:149) ~[tomcat-embed-core-9.0.36.jar:9.0.36]
	at org.apache.catalina.core.ApplicationFilterChain$1.run(ApplicationFilterChain.java:145) ~[tomcat-embed-core-9.0.36.jar:9.0.36]
	at java.base/java.security.AccessController.doPrivileged(Native Method) ~[na:na]
	at org.apache.catalina.core.ApplicationFilterChain.doFilter(ApplicationFilterChain.java:144) ~[tomcat-embed-core-9.0.36.jar:9.0.36]
	at org.apache.catalina.core.StandardWrapperValve.invoke(StandardWrapperValve.java:202) ~[tomcat-embed-core-9.0.36.jar:9.0.36]
	at org.apache.catalina.core.StandardContextValve.invoke(StandardContextValve.java:96) ~[tomcat-embed-core-9.0.36.jar:9.0.36]
	at org.apache.catalina.authenticator.AuthenticatorBase.invoke(AuthenticatorBase.java:541) ~[tomcat-embed-core-9.0.36.jar:9.0.36]
	at org.apache.catalina.core.StandardHostValve.invoke(StandardHostValve.java:139) ~[tomcat-embed-core-9.0.36.jar:9.0.36]
	at org.apache.catalina.valves.ErrorReportValve.invoke(ErrorReportValve.java:92) ~[tomcat-embed-core-9.0.36.jar:9.0.36]
	at org.apache.catalina.core.StandardEngineValve.invoke(StandardEngineValve.java:74) ~[tomcat-embed-core-9.0.36.jar:9.0.36]
	at org.apache.catalina.connector.CoyoteAdapter.service(CoyoteAdapter.java:343) ~[tomcat-embed-core-9.0.36.jar:9.0.36]
	at org.apache.coyote.http11.Http11Processor.service(Http11Processor.java:373) ~[tomcat-embed-core-9.0.36.jar:9.0.36]
	at org.apache.coyote.AbstractProcessorLight.process(AbstractProcessorLight.java:65) ~[tomcat-embed-core-9.0.36.jar:9.0.36]
	at org.apache.coyote.AbstractProtocol$ConnectionHandler.process(AbstractProtocol.java:868) ~[tomcat-embed-core-9.0.36.jar:9.0.36]
	at org.apache.tomcat.util.net.NioEndpoint$SocketProcessor.doRun(NioEndpoint.java:1590) ~[tomcat-embed-core-9.0.36.jar:9.0.36]
	at org.apache.tomcat.util.net.SocketProcessorBase.run(SocketProcessorBase.java:49) ~[tomcat-embed-core-9.0.36.jar:9.0.36]
	at java.base/java.util.concurrent.ThreadPoolExecutor.runWorker(ThreadPoolExecutor.java:1128) ~[na:na]
	at java.base/java.util.concurrent.ThreadPoolExecutor$Worker.run(ThreadPoolExecutor.java:628) ~[na:na]
	at org.apache.tomcat.util.threads.TaskThread$WrappingRunnable.run(TaskThread.java:61) ~[tomcat-embed-core-9.0.36.jar:9.0.36]
	at java.base/java.lang.Thread.run(Thread.java:829) ~[na:na]

?[1;31m
Start test 72?[0m
2021-07-23 16:42:44.428 ERROR 17688 --- [nio-8080-exec-9] o.a.c.c.C.[.[.[/].[dispatcherServlet]    : Servlet.service() for servlet [dispatcherServlet] in context with path [] threw exception

org.springframework.web.server.ResponseStatusException: 404 NOT_FOUND
	at recipes.config.CustomAuthenticationProvider.lambda$authenticate$0(CustomAuthenticationProvider.java:33) ~[main/:na]
	at java.base/java.util.Optional.orElseThrow(Optional.java:408) ~[na:na]
	at recipes.config.CustomAuthenticationProvider.authenticate(CustomAuthenticationProvider.java:32) ~[main/:na]
	at org.springframework.security.authentication.ProviderManager.authenticate(ProviderManager.java:199) ~[spring-security-core-5.3.3.RELEASE.jar:5.3.3.RELEASE]
	at org.springframework.security.authentication.ProviderManager.authenticate(ProviderManager.java:219) ~[spring-security-core-5.3.3.RELEASE.jar:5.3.3.RELEASE]
	at org.springframework.security.web.authentication.www.BasicAuthenticationFilter.doFilterInternal(BasicAuthenticationFilter.java:169) ~[spring-security-web-5.3.3.RELEASE.jar:5.3.3.RELEASE]
	at org.springframework.web.filter.OncePerRequestFilter.doFilter(OncePerRequestFilter.java:119) ~[spring-web-5.2.7.RELEASE.jar:5.2.7.RELEASE]
	at org.springframework.security.web.FilterChainProxy$VirtualFilterChain.doFilter(FilterChainProxy.java:334) ~[spring-security-web-5.3.3.RELEASE.jar:5.3.3.RELEASE]
	at org.springframework.security.web.authentication.logout.LogoutFilter.doFilter(LogoutFilter.java:116) ~[spring-security-web-5.3.3.RELEASE.jar:5.3.3.RELEASE]
	at org.springframework.security.web.FilterChainProxy$VirtualFilterChain.doFilter(FilterChainProxy.java:334) ~[spring-security-web-5.3.3.RELEASE.jar:5.3.3.RELEASE]
	at org.springframework.security.web.header.HeaderWriterFilter.doHeadersAfter(HeaderWriterFilter.java:92) ~[spring-security-web-5.3.3.RELEASE.jar:5.3.3.RELEASE]
	at org.springframework.security.web.header.HeaderWriterFilter.doFilterInternal(HeaderWriterFilter.java:77) ~[spring-security-web-5.3.3.RELEASE.jar:5.3.3.RELEASE]
	at org.springframework.web.filter.OncePerRequestFilter.doFilter(OncePerRequestFilter.java:119) ~[spring-web-5.2.7.RELEASE.jar:5.2.7.RELEASE]
	at org.springframework.security.web.FilterChainProxy$VirtualFilterChain.doFilter(FilterChainProxy.java:334) ~[spring-security-web-5.3.3.RELEASE.jar:5.3.3.RELEASE]
	at org.springframework.security.web.context.SecurityContextPersistenceFilter.doFilter(SecurityContextPersistenceFilter.java:105) ~[spring-security-web-5.3.3.RELEASE.jar:5.3.3.RELEASE]
	at org.springframework.security.web.FilterChainProxy$VirtualFilterChain.doFilter(FilterChainProxy.java:334) ~[spring-security-web-5.3.3.RELEASE.jar:5.3.3.RELEASE]
	at org.springframework.security.web.context.request.async.WebAsyncManagerIntegrationFilter.doFilterInternal(WebAsyncManagerIntegrationFilter.java:56) ~[spring-security-web-5.3.3.RELEASE.jar:5.3.3.RELEASE]
	at org.springframework.web.filter.OncePerRequestFilter.doFilter(OncePerRequestFilter.java:119) ~[spring-web-5.2.7.RELEASE.jar:5.2.7.RELEASE]
	at org.springframework.security.web.FilterChainProxy$VirtualFilterChain.doFilter(FilterChainProxy.java:334) ~[spring-security-web-5.3.3.RELEASE.jar:5.3.3.RELEASE]
	at org.springframework.security.web.FilterChainProxy.doFilterInternal(FilterChainProxy.java:215) ~[spring-security-web-5.3.3.RELEASE.jar:5.3.3.RELEASE]
	at org.springframework.security.web.FilterChainProxy.doFilter(FilterChainProxy.java:178) ~[spring-security-web-5.3.3.RELEASE.jar:5.3.3.RELEASE]
	at org.springframework.web.filter.DelegatingFilterProxy.invokeDelegate(DelegatingFilterProxy.java:358) ~[spring-web-5.2.7.RELEASE.jar:5.2.7.RELEASE]
	at org.springframework.web.filter.DelegatingFilterProxy.doFilter(DelegatingFilterProxy.java:271) ~[spring-web-5.2.7.RELEASE.jar:5.2.7.RELEASE]
	at jdk.internal.reflect.GeneratedMethodAccessor54.invoke(Unknown Source) ~[na:na]
	at java.base/jdk.internal.reflect.DelegatingMethodAccessorImpl.invoke(DelegatingMethodAccessorImpl.java:43) ~[na:na]
	at java.base/java.lang.reflect.Method.invoke(Method.java:566) ~[na:na]
	at org.apache.catalina.security.SecurityUtil$1.run(SecurityUtil.java:282) ~[tomcat-embed-core-9.0.36.jar:9.0.36]
	at org.apache.catalina.security.SecurityUtil$1.run(SecurityUtil.java:279) ~[tomcat-embed-core-9.0.36.jar:9.0.36]
	at java.base/java.security.AccessController.doPrivileged(Native Method) ~[na:na]
	at java.base/javax.security.auth.Subject.doAsPrivileged(Subject.java:550) ~[na:na]
	at org.apache.catalina.security.SecurityUtil.execute(SecurityUtil.java:314) ~[tomcat-embed-core-9.0.36.jar:9.0.36]
	at org.apache.catalina.security.SecurityUtil.doAsPrivilege(SecurityUtil.java:253) ~[tomcat-embed-core-9.0.36.jar:9.0.36]
	at org.apache.catalina.core.ApplicationFilterChain.internalDoFilter(ApplicationFilterChain.java:191) ~[tomcat-embed-core-9.0.36.jar:9.0.36]
	at org.apache.catalina.core.ApplicationFilterChain.access$000(ApplicationFilterChain.java:47) ~[tomcat-embed-core-9.0.36.jar:9.0.36]
	at org.apache.catalina.core.ApplicationFilterChain$1.run(ApplicationFilterChain.java:149) ~[tomcat-embed-core-9.0.36.jar:9.0.36]
	at org.apache.catalina.core.ApplicationFilterChain$1.run(ApplicationFilterChain.java:145) ~[tomcat-embed-core-9.0.36.jar:9.0.36]
	at java.base/java.security.AccessController.doPrivileged(Native Method) ~[na:na]
	at org.apache.catalina.core.ApplicationFilterChain.doFilter(ApplicationFilterChain.java:144) ~[tomcat-embed-core-9.0.36.jar:9.0.36]
	at org.springframework.boot.actuate.metrics.web.servlet.WebMvcMetricsFilter.doFilterInternal(WebMvcMetricsFilter.java:93) ~[spring-boot-actuator-2.3.1.RELEASE.jar:2.3.1.RELEASE]
	at org.springframework.web.filter.OncePerRequestFilter.doFilter(OncePerRequestFilter.java:119) ~[spring-web-5.2.7.RELEASE.jar:5.2.7.RELEASE]
	at jdk.internal.reflect.GeneratedMethodAccessor54.invoke(Unknown Source) ~[na:na]
	at java.base/jdk.internal.reflect.DelegatingMethodAccessorImpl.invoke(DelegatingMethodAccessorImpl.java:43) ~[na:na]
	at java.base/java.lang.reflect.Method.invoke(Method.java:566) ~[na:na]
	at org.apache.catalina.security.SecurityUtil$1.run(SecurityUtil.java:282) ~[tomcat-embed-core-9.0.36.jar:9.0.36]
	at org.apache.catalina.security.SecurityUtil$1.run(SecurityUtil.java:279) ~[tomcat-embed-core-9.0.36.jar:9.0.36]
	at java.base/java.security.AccessController.doPrivileged(Native Method) ~[na:na]
	at java.base/javax.security.auth.Subject.doAsPrivileged(Subject.java:550) ~[na:na]
	at org.apache.catalina.security.SecurityUtil.execute(SecurityUtil.java:314) ~[tomcat-embed-core-9.0.36.jar:9.0.36]
	at org.apache.catalina.security.SecurityUtil.doAsPrivilege(SecurityUtil.java:253) ~[tomcat-embed-core-9.0.36.jar:9.0.36]
	at org.apache.catalina.core.ApplicationFilterChain.internalDoFilter(ApplicationFilterChain.java:191) ~[tomcat-embed-core-9.0.36.jar:9.0.36]
	at org.apache.catalina.core.ApplicationFilterChain.access$000(ApplicationFilterChain.java:47) ~[tomcat-embed-core-9.0.36.jar:9.0.36]
	at org.apache.catalina.core.ApplicationFilterChain$1.run(ApplicationFilterChain.java:149) ~[tomcat-embed-core-9.0.36.jar:9.0.36]
	at org.apache.catalina.core.ApplicationFilterChain$1.run(ApplicationFilterChain.java:145) ~[tomcat-embed-core-9.0.36.jar:9.0.36]
	at java.base/java.security.AccessController.doPrivileged(Native Method) ~[na:na]
	at org.apache.catalina.core.ApplicationFilterChain.doFilter(ApplicationFilterChain.java:144) ~[tomcat-embed-core-9.0.36.jar:9.0.36]
	at org.springframework.web.filter.CharacterEncodingFilter.doFilterInternal(CharacterEncodingFilter.java:201) ~[spring-web-5.2.7.RELEASE.jar:5.2.7.RELEASE]
	at org.springframework.web.filter.OncePerRequestFilter.doFilter(OncePerRequestFilter.java:119) ~[spring-web-5.2.7.RELEASE.jar:5.2.7.RELEASE]
	at jdk.internal.reflect.GeneratedMethodAccessor54.invoke(Unknown Source) ~[na:na]
	at java.base/jdk.internal.reflect.DelegatingMethodAccessorImpl.invoke(DelegatingMethodAccessorImpl.java:43) ~[na:na]
	at java.base/java.lang.reflect.Method.invoke(Method.java:566) ~[na:na]
	at org.apache.catalina.security.SecurityUtil$1.run(SecurityUtil.java:282) ~[tomcat-embed-core-9.0.36.jar:9.0.36]
	at org.apache.catalina.security.SecurityUtil$1.run(SecurityUtil.java:279) ~[tomcat-embed-core-9.0.36.jar:9.0.36]
	at java.base/java.security.AccessController.doPrivileged(Native Method) ~[na:na]
	at java.base/javax.security.auth.Subject.doAsPrivileged(Subject.java:550) ~[na:na]
	at org.apache.catalina.security.SecurityUtil.execute(SecurityUtil.java:314) ~[tomcat-embed-core-9.0.36.jar:9.0.36]
	at org.apache.catalina.security.SecurityUtil.doAsPrivilege(SecurityUtil.java:253) ~[tomcat-embed-core-9.0.36.jar:9.0.36]
	at org.apache.catalina.core.ApplicationFilterChain.internalDoFilter(ApplicationFilterChain.java:191) ~[tomcat-embed-core-9.0.36.jar:9.0.36]
	at org.apache.catalina.core.ApplicationFilterChain.access$000(ApplicationFilterChain.java:47) ~[tomcat-embed-core-9.0.36.jar:9.0.36]
	at org.apache.catalina.core.ApplicationFilterChain$1.run(ApplicationFilterChain.java:149) ~[tomcat-embed-core-9.0.36.jar:9.0.36]
	at org.apache.catalina.core.ApplicationFilterChain$1.run(ApplicationFilterChain.java:145) ~[tomcat-embed-core-9.0.36.jar:9.0.36]
	at java.base/java.security.AccessController.doPrivileged(Native Method) ~[na:na]
	at org.apache.catalina.core.ApplicationFilterChain.doFilter(ApplicationFilterChain.java:144) ~[tomcat-embed-core-9.0.36.jar:9.0.36]
	at org.apache.catalina.core.StandardWrapperValve.invoke(StandardWrapperValve.java:202) ~[tomcat-embed-core-9.0.36.jar:9.0.36]
	at org.apache.catalina.core.StandardContextValve.invoke(StandardContextValve.java:96) ~[tomcat-embed-core-9.0.36.jar:9.0.36]
	at org.apache.catalina.authenticator.AuthenticatorBase.invoke(AuthenticatorBase.java:541) ~[tomcat-embed-core-9.0.36.jar:9.0.36]
	at org.apache.catalina.core.StandardHostValve.invoke(StandardHostValve.java:139) ~[tomcat-embed-core-9.0.36.jar:9.0.36]
	at org.apache.catalina.valves.ErrorReportValve.invoke(ErrorReportValve.java:92) ~[tomcat-embed-core-9.0.36.jar:9.0.36]
	at org.apache.catalina.core.StandardEngineValve.invoke(StandardEngineValve.java:74) ~[tomcat-embed-core-9.0.36.jar:9.0.36]
	at org.apache.catalina.connector.CoyoteAdapter.service(CoyoteAdapter.java:343) ~[tomcat-embed-core-9.0.36.jar:9.0.36]
	at org.apache.coyote.http11.Http11Processor.service(Http11Processor.java:373) ~[tomcat-embed-core-9.0.36.jar:9.0.36]
	at org.apache.coyote.AbstractProcessorLight.process(AbstractProcessorLight.java:65) ~[tomcat-embed-core-9.0.36.jar:9.0.36]
	at org.apache.coyote.AbstractProtocol$ConnectionHandler.process(AbstractProtocol.java:868) ~[tomcat-embed-core-9.0.36.jar:9.0.36]
	at org.apache.tomcat.util.net.NioEndpoint$SocketProcessor.doRun(NioEndpoint.java:1590) ~[tomcat-embed-core-9.0.36.jar:9.0.36]
	at org.apache.tomcat.util.net.SocketProcessorBase.run(SocketProcessorBase.java:49) ~[tomcat-embed-core-9.0.36.jar:9.0.36]
	at java.base/java.util.concurrent.ThreadPoolExecutor.runWorker(ThreadPoolExecutor.java:1128) ~[na:na]
	at java.base/java.util.concurrent.ThreadPoolExecutor$Worker.run(ThreadPoolExecutor.java:628) ~[na:na]
	at org.apache.tomcat.util.threads.TaskThread$WrappingRunnable.run(TaskThread.java:61) ~[tomcat-embed-core-9.0.36.jar:9.0.36]
	at java.base/java.lang.Thread.run(Thread.java:829) ~[na:na]

?[1;31m
Start test 73?[0m
2021-07-23 16:42:44.453 ERROR 17688 --- [io-8080-exec-10] o.a.c.c.C.[.[.[/].[dispatcherServlet]    : Servlet.service() for servlet [dispatcherServlet] in context with path [] threw exception

org.springframework.web.server.ResponseStatusException: 404 NOT_FOUND
	at recipes.config.CustomAuthenticationProvider.lambda$authenticate$0(CustomAuthenticationProvider.java:33) ~[main/:na]
	at java.base/java.util.Optional.orElseThrow(Optional.java:408) ~[na:na]
	at recipes.config.CustomAuthenticationProvider.authenticate(CustomAuthenticationProvider.java:32) ~[main/:na]
	at org.springframework.security.authentication.ProviderManager.authenticate(ProviderManager.java:199) ~[spring-security-core-5.3.3.RELEASE.jar:5.3.3.RELEASE]
	at org.springframework.security.authentication.ProviderManager.authenticate(ProviderManager.java:219) ~[spring-security-core-5.3.3.RELEASE.jar:5.3.3.RELEASE]
	at org.springframework.security.web.authentication.www.BasicAuthenticationFilter.doFilterInternal(BasicAuthenticationFilter.java:169) ~[spring-security-web-5.3.3.RELEASE.jar:5.3.3.RELEASE]
	at org.springframework.web.filter.OncePerRequestFilter.doFilter(OncePerRequestFilter.java:119) ~[spring-web-5.2.7.RELEASE.jar:5.2.7.RELEASE]
	at org.springframework.security.web.FilterChainProxy$VirtualFilterChain.doFilter(FilterChainProxy.java:334) ~[spring-security-web-5.3.3.RELEASE.jar:5.3.3.RELEASE]
	at org.springframework.security.web.authentication.logout.LogoutFilter.doFilter(LogoutFilter.java:116) ~[spring-security-web-5.3.3.RELEASE.jar:5.3.3.RELEASE]
	at org.springframework.security.web.FilterChainProxy$VirtualFilterChain.doFilter(FilterChainProxy.java:334) ~[spring-security-web-5.3.3.RELEASE.jar:5.3.3.RELEASE]
	at org.springframework.security.web.header.HeaderWriterFilter.doHeadersAfter(HeaderWriterFilter.java:92) ~[spring-security-web-5.3.3.RELEASE.jar:5.3.3.RELEASE]
	at org.springframework.security.web.header.HeaderWriterFilter.doFilterInternal(HeaderWriterFilter.java:77) ~[spring-security-web-5.3.3.RELEASE.jar:5.3.3.RELEASE]
	at org.springframework.web.filter.OncePerRequestFilter.doFilter(OncePerRequestFilter.java:119) ~[spring-web-5.2.7.RELEASE.jar:5.2.7.RELEASE]
	at org.springframework.security.web.FilterChainProxy$VirtualFilterChain.doFilter(FilterChainProxy.java:334) ~[spring-security-web-5.3.3.RELEASE.jar:5.3.3.RELEASE]
	at org.springframework.security.web.context.SecurityContextPersistenceFilter.doFilter(SecurityContextPersistenceFilter.java:105) ~[spring-security-web-5.3.3.RELEASE.jar:5.3.3.RELEASE]
	at org.springframework.security.web.FilterChainProxy$VirtualFilterChain.doFilter(FilterChainProxy.java:334) ~[spring-security-web-5.3.3.RELEASE.jar:5.3.3.RELEASE]
	at org.springframework.security.web.context.request.async.WebAsyncManagerIntegrationFilter.doFilterInternal(WebAsyncManagerIntegrationFilter.java:56) ~[spring-security-web-5.3.3.RELEASE.jar:5.3.3.RELEASE]
	at org.springframework.web.filter.OncePerRequestFilter.doFilter(OncePerRequestFilter.java:119) ~[spring-web-5.2.7.RELEASE.jar:5.2.7.RELEASE]
	at org.springframework.security.web.FilterChainProxy$VirtualFilterChain.doFilter(FilterChainProxy.java:334) ~[spring-security-web-5.3.3.RELEASE.jar:5.3.3.RELEASE]
	at org.springframework.security.web.FilterChainProxy.doFilterInternal(FilterChainProxy.java:215) ~[spring-security-web-5.3.3.RELEASE.jar:5.3.3.RELEASE]
	at org.springframework.security.web.FilterChainProxy.doFilter(FilterChainProxy.java:178) ~[spring-security-web-5.3.3.RELEASE.jar:5.3.3.RELEASE]
	at org.springframework.web.filter.DelegatingFilterProxy.invokeDelegate(DelegatingFilterProxy.java:358) ~[spring-web-5.2.7.RELEASE.jar:5.2.7.RELEASE]
	at org.springframework.web.filter.DelegatingFilterProxy.doFilter(DelegatingFilterProxy.java:271) ~[spring-web-5.2.7.RELEASE.jar:5.2.7.RELEASE]
	at jdk.internal.reflect.GeneratedMethodAccessor54.invoke(Unknown Source) ~[na:na]
	at java.base/jdk.internal.reflect.DelegatingMethodAccessorImpl.invoke(DelegatingMethodAccessorImpl.java:43) ~[na:na]
	at java.base/java.lang.reflect.Method.invoke(Method.java:566) ~[na:na]
	at org.apache.catalina.security.SecurityUtil$1.run(SecurityUtil.java:282) ~[tomcat-embed-core-9.0.36.jar:9.0.36]
	at org.apache.catalina.security.SecurityUtil$1.run(SecurityUtil.java:279) ~[tomcat-embed-core-9.0.36.jar:9.0.36]
	at java.base/java.security.AccessController.doPrivileged(Native Method) ~[na:na]
	at java.base/javax.security.auth.Subject.doAsPrivileged(Subject.java:550) ~[na:na]
	at org.apache.catalina.security.SecurityUtil.execute(SecurityUtil.java:314) ~[tomcat-embed-core-9.0.36.jar:9.0.36]
	at org.apache.catalina.security.SecurityUtil.doAsPrivilege(SecurityUtil.java:253) ~[tomcat-embed-core-9.0.36.jar:9.0.36]
	at org.apache.catalina.core.ApplicationFilterChain.internalDoFilter(ApplicationFilterChain.java:191) ~[tomcat-embed-core-9.0.36.jar:9.0.36]
	at org.apache.catalina.core.ApplicationFilterChain.access$000(ApplicationFilterChain.java:47) ~[tomcat-embed-core-9.0.36.jar:9.0.36]
	at org.apache.catalina.core.ApplicationFilterChain$1.run(ApplicationFilterChain.java:149) ~[tomcat-embed-core-9.0.36.jar:9.0.36]
	at org.apache.catalina.core.ApplicationFilterChain$1.run(ApplicationFilterChain.java:145) ~[tomcat-embed-core-9.0.36.jar:9.0.36]
	at java.base/java.security.AccessController.doPrivileged(Native Method) ~[na:na]
	at org.apache.catalina.core.ApplicationFilterChain.doFilter(ApplicationFilterChain.java:144) ~[tomcat-embed-core-9.0.36.jar:9.0.36]
	at org.springframework.boot.actuate.metrics.web.servlet.WebMvcMetricsFilter.doFilterInternal(WebMvcMetricsFilter.java:93) ~[spring-boot-actuator-2.3.1.RELEASE.jar:2.3.1.RELEASE]
	at org.springframework.web.filter.OncePerRequestFilter.doFilter(OncePerRequestFilter.java:119) ~[spring-web-5.2.7.RELEASE.jar:5.2.7.RELEASE]
	at jdk.internal.reflect.GeneratedMethodAccessor54.invoke(Unknown Source) ~[na:na]
	at java.base/jdk.internal.reflect.DelegatingMethodAccessorImpl.invoke(DelegatingMethodAccessorImpl.java:43) ~[na:na]
	at java.base/java.lang.reflect.Method.invoke(Method.java:566) ~[na:na]
	at org.apache.catalina.security.SecurityUtil$1.run(SecurityUtil.java:282) ~[tomcat-embed-core-9.0.36.jar:9.0.36]
	at org.apache.catalina.security.SecurityUtil$1.run(SecurityUtil.java:279) ~[tomcat-embed-core-9.0.36.jar:9.0.36]
	at java.base/java.security.AccessController.doPrivileged(Native Method) ~[na:na]
	at java.base/javax.security.auth.Subject.doAsPrivileged(Subject.java:550) ~[na:na]
	at org.apache.catalina.security.SecurityUtil.execute(SecurityUtil.java:314) ~[tomcat-embed-core-9.0.36.jar:9.0.36]
	at org.apache.catalina.security.SecurityUtil.doAsPrivilege(SecurityUtil.java:253) ~[tomcat-embed-core-9.0.36.jar:9.0.36]
	at org.apache.catalina.core.ApplicationFilterChain.internalDoFilter(ApplicationFilterChain.java:191) ~[tomcat-embed-core-9.0.36.jar:9.0.36]
	at org.apache.catalina.core.ApplicationFilterChain.access$000(ApplicationFilterChain.java:47) ~[tomcat-embed-core-9.0.36.jar:9.0.36]
	at org.apache.catalina.core.ApplicationFilterChain$1.run(ApplicationFilterChain.java:149) ~[tomcat-embed-core-9.0.36.jar:9.0.36]
	at org.apache.catalina.core.ApplicationFilterChain$1.run(ApplicationFilterChain.java:145) ~[tomcat-embed-core-9.0.36.jar:9.0.36]
	at java.base/java.security.AccessController.doPrivileged(Native Method) ~[na:na]
	at org.apache.catalina.core.ApplicationFilterChain.doFilter(ApplicationFilterChain.java:144) ~[tomcat-embed-core-9.0.36.jar:9.0.36]
	at org.springframework.web.filter.CharacterEncodingFilter.doFilterInternal(CharacterEncodingFilter.java:201) ~[spring-web-5.2.7.RELEASE.jar:5.2.7.RELEASE]
	at org.springframework.web.filter.OncePerRequestFilter.doFilter(OncePerRequestFilter.java:119) ~[spring-web-5.2.7.RELEASE.jar:5.2.7.RELEASE]
	at jdk.internal.reflect.GeneratedMethodAccessor54.invoke(Unknown Source) ~[na:na]
	at java.base/jdk.internal.reflect.DelegatingMethodAccessorImpl.invoke(DelegatingMethodAccessorImpl.java:43) ~[na:na]
	at java.base/java.lang.reflect.Method.invoke(Method.java:566) ~[na:na]
	at org.apache.catalina.security.SecurityUtil$1.run(SecurityUtil.java:282) ~[tomcat-embed-core-9.0.36.jar:9.0.36]
	at org.apache.catalina.security.SecurityUtil$1.run(SecurityUtil.java:279) ~[tomcat-embed-core-9.0.36.jar:9.0.36]
	at java.base/java.security.AccessController.doPrivileged(Native Method) ~[na:na]
	at java.base/javax.security.auth.Subject.doAsPrivileged(Subject.java:550) ~[na:na]
	at org.apache.catalina.security.SecurityUtil.execute(SecurityUtil.java:314) ~[tomcat-embed-core-9.0.36.jar:9.0.36]
	at org.apache.catalina.security.SecurityUtil.doAsPrivilege(SecurityUtil.java:253) ~[tomcat-embed-core-9.0.36.jar:9.0.36]
	at org.apache.catalina.core.ApplicationFilterChain.internalDoFilter(ApplicationFilterChain.java:191) ~[tomcat-embed-core-9.0.36.jar:9.0.36]
	at org.apache.catalina.core.ApplicationFilterChain.access$000(ApplicationFilterChain.java:47) ~[tomcat-embed-core-9.0.36.jar:9.0.36]
[...]
	at org.springframework.web.filter.OncePerRequestFilter.doFilter(OncePerRequestFilter.java:119) ~[spring-web-5.2.7.RELEASE.jar:5.2.7.RELEASE]
	at org.springframework.security.web.FilterChainProxy$VirtualFilterChain.doFilter(FilterChainProxy.java:334) ~[spring-security-web-5.3.3.RELEASE.jar:5.3.3.RELEASE]
	at org.springframework.security.web.FilterChainProxy.doFilterInternal(FilterChainProxy.java:215) ~[spring-security-web-5.3.3.RELEASE.jar:5.3.3.RELEASE]
	at org.springframework.security.web.FilterChainProxy.doFilter(FilterChainProxy.java:178) ~[spring-security-web-5.3.3.RELEASE.jar:5.3.3.RELEASE]
	at org.springframework.web.filter.DelegatingFilterProxy.invokeDelegate(DelegatingFilterProxy.java:358) ~[spring-web-5.2.7.RELEASE.jar:5.2.7.RELEASE]
	at org.springframework.web.filter.DelegatingFilterProxy.doFilter(DelegatingFilterProxy.java:271) ~[spring-web-5.2.7.RELEASE.jar:5.2.7.RELEASE]
	at jdk.internal.reflect.GeneratedMethodAccessor54.invoke(Unknown Source) ~[na:na]
	at java.base/jdk.internal.reflect.DelegatingMethodAccessorImpl.invoke(DelegatingMethodAccessorImpl.java:43) ~[na:na]
	at java.base/java.lang.reflect.Method.invoke(Method.java:566) ~[na:na]
	at org.apache.catalina.security.SecurityUtil$1.run(SecurityUtil.java:282) ~[tomcat-embed-core-9.0.36.jar:9.0.36]
	at org.apache.catalina.security.SecurityUtil$1.run(SecurityUtil.java:279) ~[tomcat-embed-core-9.0.36.jar:9.0.36]
	at java.base/java.security.AccessController.doPrivileged(Native Method) ~[na:na]
	at java.base/javax.security.auth.Subject.doAsPrivileged(Subject.java:550) ~[na:na]
	at org.apache.catalina.security.SecurityUtil.execute(SecurityUtil.java:314) ~[tomcat-embed-core-9.0.36.jar:9.0.36]
	at org.apache.catalina.security.SecurityUtil.doAsPrivilege(SecurityUtil.java:253) ~[tomcat-embed-core-9.0.36.jar:9.0.36]
	at org.apache.catalina.core.ApplicationFilterChain.internalDoFilter(ApplicationFilterChain.java:191) ~[tomcat-embed-core-9.0.36.jar:9.0.36]
	at org.apache.catalina.core.ApplicationFilterChain.access$000(ApplicationFilterChain.java:47) ~[tomcat-embed-core-9.0.36.jar:9.0.36]
	at org.apache.catalina.core.ApplicationFilterChain$1.run(ApplicationFilterChain.java:149) ~[tomcat-embed-core-9.0.36.jar:9.0.36]
	at org.apache.catalina.core.ApplicationFilterChain$1.run(ApplicationFilterChain.java:145) ~[tomcat-embed-core-9.0.36.jar:9.0.36]
	at java.base/java.security.AccessController.doPrivileged(Native Method) ~[na:na]
	at org.apache.catalina.core.ApplicationFilterChain.doFilter(ApplicationFilterChain.java:144) ~[tomcat-embed-core-9.0.36.jar:9.0.36]
	at org.springframework.boot.actuate.metrics.web.servlet.WebMvcMetricsFilter.doFilterInternal(WebMvcMetricsFilter.java:93) ~[spring-boot-actuator-2.3.1.RELEASE.jar:2.3.1.RELEASE]
	at org.springframework.web.filter.OncePerRequestFilter.doFilter(OncePerRequestFilter.java:119) ~[spring-web-5.2.7.RELEASE.jar:5.2.7.RELEASE]
	at jdk.internal.reflect.GeneratedMethodAccessor54.invoke(Unknown Source) ~[na:na]
	at java.base/jdk.internal.reflect.DelegatingMethodAccessorImpl.invoke(DelegatingMethodAccessorImpl.java:43) ~[na:na]
	at java.base/java.lang.reflect.Method.invoke(Method.java:566) ~[na:na]
	at org.apache.catalina.security.SecurityUtil$1.run(SecurityUtil.java:282) ~[tomcat-embed-core-9.0.36.jar:9.0.36]
	at org.apache.catalina.security.SecurityUtil$1.run(SecurityUtil.java:279) ~[tomcat-embed-core-9.0.36.jar:9.0.36]
	at java.base/java.security.AccessController.doPrivileged(Native Method) ~[na:na]
	at java.base/javax.security.auth.Subject.doAsPrivileged(Subject.java:550) ~[na:na]
	at org.apache.catalina.security.SecurityUtil.execute(SecurityUtil.java:314) ~[tomcat-embed-core-9.0.36.jar:9.0.36]
	at org.apache.catalina.security.SecurityUtil.doAsPrivilege(SecurityUtil.java:253) ~[tomcat-embed-core-9.0.36.jar:9.0.36]
	at org.apache.catalina.core.ApplicationFilterChain.internalDoFilter(ApplicationFilterChain.java:191) ~[tomcat-embed-core-9.0.36.jar:9.0.36]
	at org.apache.catalina.core.ApplicationFilterChain.access$000(ApplicationFilterChain.java:47) ~[tomcat-embed-core-9.0.36.jar:9.0.36]
	at org.apache.catalina.core.ApplicationFilterChain$1.run(ApplicationFilterChain.java:149) ~[tomcat-embed-core-9.0.36.jar:9.0.36]
	at org.apache.catalina.core.ApplicationFilterChain$1.run(ApplicationFilterChain.java:145) ~[tomcat-embed-core-9.0.36.jar:9.0.36]
	at java.base/java.security.AccessController.doPrivileged(Native Method) ~[na:na]
	at org.apache.catalina.core.ApplicationFilterChain.doFilter(ApplicationFilterChain.java:144) ~[tomcat-embed-core-9.0.36.jar:9.0.36]
	at org.springframework.web.filter.CharacterEncodingFilter.doFilterInternal(CharacterEncodingFilter.java:201) ~[spring-web-5.2.7.RELEASE.jar:5.2.7.RELEASE]
	at org.springframework.web.filter.OncePerRequestFilter.doFilter(OncePerRequestFilter.java:119) ~[spring-web-5.2.7.RELEASE.jar:5.2.7.RELEASE]
	at jdk.internal.reflect.GeneratedMethodAccessor54.invoke(Unknown Source) ~[na:na]
	at java.base/jdk.internal.reflect.DelegatingMethodAccessorImpl.invoke(DelegatingMethodAccessorImpl.java:43) ~[na:na]
	at java.base/java.lang.reflect.Method.invoke(Method.java:566) ~[na:na]
	at org.apache.catalina.security.SecurityUtil$1.run(SecurityUtil.java:282) ~[tomcat-embed-core-9.0.36.jar:9.0.36]
	at org.apache.catalina.security.SecurityUtil$1.run(SecurityUtil.java:279) ~[tomcat-embed-core-9.0.36.jar:9.0.36]
	at java.base/java.security.AccessController.doPrivileged(Native Method) ~[na:na]
	at java.base/javax.security.auth.Subject.doAsPrivileged(Subject.java:550) ~[na:na]
	at org.apache.catalina.security.SecurityUtil.execute(SecurityUtil.java:314) ~[tomcat-embed-core-9.0.36.jar:9.0.36]
	at org.apache.catalina.security.SecurityUtil.doAsPrivilege(SecurityUtil.java:253) ~[tomcat-embed-core-9.0.36.jar:9.0.36]
	at org.apache.catalina.core.ApplicationFilterChain.internalDoFilter(ApplicationFilterChain.java:191) ~[tomcat-embed-core-9.0.36.jar:9.0.36]
	at org.apache.catalina.core.ApplicationFilterChain.access$000(ApplicationFilterChain.java:47) ~[tomcat-embed-core-9.0.36.jar:9.0.36]
	at org.apache.catalina.core.ApplicationFilterChain$1.run(ApplicationFilterChain.java:149) ~[tomcat-embed-core-9.0.36.jar:9.0.36]
	at org.apache.catalina.core.ApplicationFilterChain$1.run(ApplicationFilterChain.java:145) ~[tomcat-embed-core-9.0.36.jar:9.0.36]
	at java.base/java.security.AccessController.doPrivileged(Native Method) ~[na:na]
	at org.apache.catalina.core.ApplicationFilterChain.doFilter(ApplicationFilterChain.java:144) ~[tomcat-embed-core-9.0.36.jar:9.0.36]
	at org.apache.catalina.core.StandardWrapperValve.invoke(StandardWrapperValve.java:202) ~[tomcat-embed-core-9.0.36.jar:9.0.36]
	at org.apache.catalina.core.StandardContextValve.invoke(StandardContextValve.java:96) ~[tomcat-embed-core-9.0.36.jar:9.0.36]
	at org.apache.catalina.authenticator.AuthenticatorBase.invoke(AuthenticatorBase.java:541) ~[tomcat-embed-core-9.0.36.jar:9.0.36]
	at org.apache.catalina.core.StandardHostValve.invoke(StandardHostValve.java:139) ~[tomcat-embed-core-9.0.36.jar:9.0.36]
	at org.apache.catalina.valves.ErrorReportValve.invoke(ErrorReportValve.java:92) ~[tomcat-embed-core-9.0.36.jar:9.0.36]
	at org.apache.catalina.core.StandardEngineValve.invoke(StandardEngineValve.java:74) ~[tomcat-embed-core-9.0.36.jar:9.0.36]
	at org.apache.catalina.connector.CoyoteAdapter.service(CoyoteAdapter.java:343) ~[tomcat-embed-core-9.0.36.jar:9.0.36]
	at org.apache.coyote.http11.Http11Processor.service(Http11Processor.java:373) ~[tomcat-embed-core-9.0.36.jar:9.0.36]
	at org.apache.coyote.AbstractProcessorLight.process(AbstractProcessorLight.java:65) ~[tomcat-embed-core-9.0.36.jar:9.0.36]
	at org.apache.coyote.AbstractProtocol$ConnectionHandler.process(AbstractProtocol.java:868) ~[tomcat-embed-core-9.0.36.jar:9.0.36]
	at org.apache.tomcat.util.net.NioEndpoint$SocketProcessor.doRun(NioEndpoint.java:1590) ~[tomcat-embed-core-9.0.36.jar:9.0.36]
	at org.apache.tomcat.util.net.SocketProcessorBase.run(SocketProcessorBase.java:49) ~[tomcat-embed-core-9.0.36.jar:9.0.36]
	at java.base/java.util.concurrent.ThreadPoolExecutor.runWorker(ThreadPoolExecutor.java:1128) ~[na:na]
	at java.base/java.util.concurrent.ThreadPoolExecutor$Worker.run(ThreadPoolExecutor.java:628) ~[na:na]
	at org.apache.tomcat.util.threads.TaskThread$WrappingRunnable.run(TaskThread.java:61) ~[tomcat-embed-core-9.0.36.jar:9.0.36]
	at java.base/java.lang.Thread.run(Thread.java:829) ~[na:na]

?[1;31m
Start test 75?[0m
2021-07-23 16:42:44.490 ERROR 17688 --- [nio-8080-exec-2] o.a.c.c.C.[.[.[/].[dispatcherServlet]    : Servlet.service() for servlet [dispatcherServlet] in context with path [] threw exception

org.springframework.web.server.ResponseStatusException: 404 NOT_FOUND
	at recipes.config.CustomAuthenticationProvider.lambda$authenticate$0(CustomAuthenticationProvider.java:33) ~[main/:na]
	at java.base/java.util.Optional.orElseThrow(Optional.java:408) ~[na:na]
	at recipes.config.CustomAuthenticationProvider.authenticate(CustomAuthenticationProvider.java:32) ~[main/:na]
	at org.springframework.security.authentication.ProviderManager.authenticate(ProviderManager.java:199) ~[spring-security-core-5.3.3.RELEASE.jar:5.3.3.RELEASE]
	at org.springframework.security.authentication.ProviderManager.authenticate(ProviderManager.java:219) ~[spring-security-core-5.3.3.RELEASE.jar:5.3.3.RELEASE]
	at org.springframework.security.web.authentication.www.BasicAuthenticationFilter.doFilterInternal(BasicAuthenticationFilter.java:169) ~[spring-security-web-5.3.3.RELEASE.jar:5.3.3.RELEASE]
	at org.springframework.web.filter.OncePerRequestFilter.doFilter(OncePerRequestFilter.java:119) ~[spring-web-5.2.7.RELEASE.jar:5.2.7.RELEASE]
	at org.springframework.security.web.FilterChainProxy$VirtualFilterChain.doFilter(FilterChainProxy.java:334) ~[spring-security-web-5.3.3.RELEASE.jar:5.3.3.RELEASE]
	at org.springframework.security.web.authentication.logout.LogoutFilter.doFilter(LogoutFilter.java:116) ~[spring-security-web-5.3.3.RELEASE.jar:5.3.3.RELEASE]
	at org.springframework.security.web.FilterChainProxy$VirtualFilterChain.doFilter(FilterChainProxy.java:334) ~[spring-security-web-5.3.3.RELEASE.jar:5.3.3.RELEASE]
	at org.springframework.security.web.header.HeaderWriterFilter.doHeadersAfter(HeaderWriterFilter.java:92) ~[spring-security-web-5.3.3.RELEASE.jar:5.3.3.RELEASE]
	at org.springframework.security.web.header.HeaderWriterFilter.doFilterInternal(HeaderWriterFilter.java:77) ~[spring-security-web-5.3.3.RELEASE.jar:5.3.3.RELEASE]
	at org.springframework.web.filter.OncePerRequestFilter.doFilter(OncePerRequestFilter.java:119) ~[spring-web-5.2.7.RELEASE.jar:5.2.7.RELEASE]
	at org.springframework.security.web.FilterChainProxy$VirtualFilterChain.doFilter(FilterChainProxy.java:334) ~[spring-security-web-5.3.3.RELEASE.jar:5.3.3.RELEASE]
	at org.springframework.security.web.context.SecurityContextPersistenceFilter.doFilter(SecurityContextPersistenceFilter.java:105) ~[spring-security-web-5.3.3.RELEASE.jar:5.3.3.RELEASE]
	at org.springframework.security.web.FilterChainProxy$VirtualFilterChain.doFilter(FilterChainProxy.java:334) ~[spring-security-web-5.3.3.RELEASE.jar:5.3.3.RELEASE]
	at org.springframework.security.web.context.request.async.WebAsyncManagerIntegrationFilter.doFilterInternal(WebAsyncManagerIntegrationFilter.java:56) ~[spring-security-web-5.3.3.RELEASE.jar:5.3.3.RELEASE]
	at org.springframework.web.filter.OncePerRequestFilter.doFilter(OncePerRequestFilter.java:119) ~[spring-web-5.2.7.RELEASE.jar:5.2.7.RELEASE]
	at org.springframework.security.web.FilterChainProxy$VirtualFilterChain.doFilter(FilterChainProxy.java:334) ~[spring-security-web-5.3.3.RELEASE.jar:5.3.3.RELEASE]
	at org.springframework.security.web.FilterChainProxy.doFilterInternal(FilterChainProxy.java:215) ~[spring-security-web-5.3.3.RELEASE.jar:5.3.3.RELEASE]
	at org.springframework.security.web.FilterChainProxy.doFilter(FilterChainProxy.java:178) ~[spring-security-web-5.3.3.RELEASE.jar:5.3.3.RELEASE]
	at org.springframework.web.filter.DelegatingFilterProxy.invokeDelegate(DelegatingFilterProxy.java:358) ~[spring-web-5.2.7.RELEASE.jar:5.2.7.RELEASE]
	at org.springframework.web.filter.DelegatingFilterProxy.doFilter(DelegatingFilterProxy.java:271) ~[spring-web-5.2.7.RELEASE.jar:5.2.7.RELEASE]
	at jdk.internal.reflect.GeneratedMethodAccessor54.invoke(Unknown Source) ~[na:na]
	at java.base/jdk.internal.reflect.DelegatingMethodAccessorImpl.invoke(DelegatingMethodAccessorImpl.java:43) ~[na:na]
	at java.base/java.lang.reflect.Method.invoke(Method.java:566) ~[na:na]
	at org.apache.catalina.security.SecurityUtil$1.run(SecurityUtil.java:282) ~[tomcat-embed-core-9.0.36.jar:9.0.36]
	at org.apache.catalina.security.SecurityUtil$1.run(SecurityUtil.java:279) ~[tomcat-embed-core-9.0.36.jar:9.0.36]
	at java.base/java.security.AccessController.doPrivileged(Native Method) ~[na:na]
	at java.base/javax.security.auth.Subject.doAsPrivileged(Subject.java:550) ~[na:na]
	at org.apache.catalina.security.SecurityUtil.execute(SecurityUtil.java:314) ~[tomcat-embed-core-9.0.36.jar:9.0.36]
	at org.apache.catalina.security.SecurityUtil.doAsPrivilege(SecurityUtil.java:253) ~[tomcat-embed-core-9.0.36.jar:9.0.36]
	at org.apache.catalina.core.ApplicationFilterChain.internalDoFilter(ApplicationFilterChain.java:191) ~[tomcat-embed-core-9.0.36.jar:9.0.36]
	at org.apache.catalina.core.ApplicationFilterChain.access$000(ApplicationFilterChain.java:47) ~[tomcat-embed-core-9.0.36.jar:9.0.36]
	at org.apache.catalina.core.ApplicationFilterChain$1.run(ApplicationFilterChain.java:149) ~[tomcat-embed-core-9.0.36.jar:9.0.36]
	at org.apache.catalina.core.ApplicationFilterChain$1.run(ApplicationFilterChain.java:145) ~[tomcat-embed-core-9.0.36.jar:9.0.36]
	at java.base/java.security.AccessController.doPrivileged(Native Method) ~[na:na]
	at org.apache.catalina.core.ApplicationFilterChain.doFilter(ApplicationFilterChain.java:144) ~[tomcat-embed-core-9.0.36.jar:9.0.36]
	at org.springframework.boot.actuate.metrics.web.servlet.WebMvcMetricsFilter.doFilterInternal(WebMvcMetricsFilter.java:93) ~[spring-boot-actuator-2.3.1.RELEASE.jar:2.3.1.RELEASE]
	at org.springframework.web.filter.OncePerRequestFilter.doFilter(OncePerRequestFilter.java:119) ~[spring-web-5.2.7.RELEASE.jar:5.2.7.RELEASE]
	at jdk.internal.reflect.GeneratedMethodAccessor54.invoke(Unknown Source) ~[na:na]
	at java.base/jdk.internal.reflect.DelegatingMethodAccessorImpl.invoke(DelegatingMethodAccessorImpl.java:43) ~[na:na]
	at java.base/java.lang.reflect.Method.invoke(Method.java:566) ~[na:na]
	at org.apache.catalina.security.SecurityUtil$1.run(SecurityUtil.java:282) ~[tomcat-embed-core-9.0.36.jar:9.0.36]
	at org.apache.catalina.security.SecurityUtil$1.run(SecurityUtil.java:279) ~[tomcat-embed-core-9.0.36.jar:9.0.36]
	at java.base/java.security.AccessController.doPrivileged(Native Method) ~[na:na]
	at java.base/javax.security.auth.Subject.doAsPrivileged(Subject.java:550) ~[na:na]
	at org.apache.catalina.security.SecurityUtil.execute(SecurityUtil.java:314) ~[tomcat-embed-core-9.0.36.jar:9.0.36]
	at org.apache.catalina.security.SecurityUtil.doAsPrivilege(SecurityUtil.java:253) ~[tomcat-embed-core-9.0.36.jar:9.0.36]
	at org.apache.catalina.core.ApplicationFilterChain.internalDoFilter(ApplicationFilterChain.java:191) ~[tomcat-embed-core-9.0.36.jar:9.0.36]
	at org.apache.catalina.core.ApplicationFilterChain.access$000(ApplicationFilterChain.java:47) ~[tomcat-embed-core-9.0.36.jar:9.0.36]
	at org.apache.catalina.core.ApplicationFilterChain$1.run(ApplicationFilterChain.java:149) ~[tomcat-embed-core-9.0.36.jar:9.0.36]
	at org.apache.catalina.core.ApplicationFilterChain$1.run(ApplicationFilterChain.java:145) ~[tomcat-embed-core-9.0.36.jar:9.0.36]
	at java.base/java.security.AccessController.doPrivileged(Native Method) ~[na:na]
	at org.apache.catalina.core.ApplicationFilterChain.doFilter(ApplicationFilterChain.java:144) ~[tomcat-embed-core-9.0.36.jar:9.0.36]
	at org.springframework.web.filter.CharacterEncodingFilter.doFilterInternal(CharacterEncodingFilter.java:201) ~[spring-web-5.2.7.RELEASE.jar:5.2.7.RELEASE]
	at org.springframework.web.filter.OncePerRequestFilter.doFilter(OncePerRequestFilter.java:119) ~[spring-web-5.2.7.RELEASE.jar:5.2.7.RELEASE]
	at jdk.internal.reflect.GeneratedMethodAccessor54.invoke(Unknown Source) ~[na:na]
	at java.base/jdk.internal.reflect.DelegatingMethodAccessorImpl.invoke(DelegatingMethodAccessorImpl.java:43) ~[na:na]
	at java.base/java.lang.reflect.Method.invoke(Method.java:566) ~[na:na]
	at org.apache.catalina.security.SecurityUtil$1.run(SecurityUtil.java:282) ~[tomcat-embed-core-9.0.36.jar:9.0.36]
	at org.apache.catalina.security.SecurityUtil$1.run(SecurityUtil.java:279) ~[tomcat-embed-core-9.0.36.jar:9.0.36]
	at java.base/java.security.AccessController.doPrivileged(Native Method) ~[na:na]
	at java.base/javax.security.auth.Subject.doAsPrivileged(Subject.java:550) ~[na:na]
	at org.apache.catalina.security.SecurityUtil.execute(SecurityUtil.java:314) ~[tomcat-embed-core-9.0.36.jar:9.0.36]
	at org.apache.catalina.security.SecurityUtil.doAsPrivilege(SecurityUtil.java:253) ~[tomcat-embed-core-9.0.36.jar:9.0.36]
	at org.apache.catalina.core.ApplicationFilterChain.internalDoFilter(ApplicationFilterChain.java:191) ~[tomcat-embed-core-9.0.36.jar:9.0.36]
	at org.apache.catalina.core.ApplicationFilterChain.access$000(ApplicationFilterChain.java:47) ~[tomcat-embed-core-9.0.36.jar:9.0.36]
	at org.apache.catalina.core.ApplicationFilterChain$1.run(ApplicationFilterChain.java:149) ~[tomcat-embed-core-9.0.36.jar:9.0.36]
	at org.apache.catalina.core.ApplicationFilterChain$1.run(ApplicationFilterChain.java:145) ~[tomcat-embed-core-9.0.36.jar:9.0.36]
	at java.base/java.security.AccessController.doPrivileged(Native Method) ~[na:na]
	at org.apache.catalina.core.ApplicationFilterChain.doFilter(ApplicationFilterChain.java:144) ~[tomcat-embed-core-9.0.36.jar:9.0.36]
	at org.apache.catalina.core.StandardWrapperValve.invoke(StandardWrapperValve.java:202) ~[tomcat-embed-core-9.0.36.jar:9.0.36]
	at org.apache.catalina.core.StandardContextValve.invoke(StandardContextValve.java:96) ~[tomcat-embed-core-9.0.36.jar:9.0.36]
	at org.apache.catalina.authenticator.AuthenticatorBase.invoke(AuthenticatorBase.java:541) ~[tomcat-embed-core-9.0.36.jar:9.0.36]
	at org.apache.catalina.core.StandardHostValve.invoke(StandardHostValve.java:139) ~[tomcat-embed-core-9.0.36.jar:9.0.36]
	at org.apache.catalina.valves.ErrorReportValve.invoke(ErrorReportValve.java:92) ~[tomcat-embed-core-9.0.36.jar:9.0.36]
	at org.apache.catalina.core.StandardEngineValve.invoke(StandardEngineValve.java:74) ~[tomcat-embed-core-9.0.36.jar:9.0.36]
	at org.apache.catalina.connector.CoyoteAdapter.service(CoyoteAdapter.java:343) ~[tomcat-embed-core-9.0.36.jar:9.0.36]
	at org.apache.coyote.http11.Http11Processor.service(Http11Processor.java:373) ~[tomcat-embed-core-9.0.36.jar:9.0.36]
	at org.apache.coyote.AbstractProcessorLight.process(AbstractProcessorLight.java:65) ~[tomcat-embed-core-9.0.36.jar:9.0.36]
	at org.apache.coyote.AbstractProtocol$ConnectionHandler.process(AbstractProtocol.java:868) ~[tomcat-embed-core-9.0.36.jar:9.0.36]
	at org.apache.tomcat.util.net.NioEndpoint$SocketProcessor.doRun(NioEndpoint.java:1590) ~[tomcat-embed-core-9.0.36.jar:9.0.36]
	at org.apache.tomcat.util.net.SocketProcessorBase.run(SocketProcessorBase.java:49) ~[tomcat-embed-core-9.0.36.jar:9.0.36]
	at java.base/java.util.concurrent.ThreadPoolExecutor.runWorker(ThreadPoolExecutor.java:1128) ~[na:na]
	at java.base/java.util.concurrent.ThreadPoolExecutor$Worker.run(ThreadPoolExecutor.java:628) ~[na:na]
	at org.apache.tomcat.util.threads.TaskThread$WrappingRunnable.run(TaskThread.java:61) ~[tomcat-embed-core-9.0.36.jar:9.0.36]
	at java.base/java.lang.Thread.run(Thread.java:829) ~[na:na]

?[1;31m
Start test 76?[0m
?[1;31m
Start test 77?[0m
?[1;31m
Start test 78?[0m
?[1;31m
Start test 79?[0m
?[1;31m
Start test 80?[0m
?[1;31m
Start test 81?[0m
]]></system-out>
  <system-err><![CDATA[]]></system-err>
</testsuite>
